Start testing: May 22 18:52 China Standard Time
----------------------------------------------------------
84/86 Testing: test_execution_context_smoke
84/86 Test: test_execution_context_smoke
Command: "D:/agent/booming-il2cpp/build/testing/runtime-core/threading/RelWithDebInfo/test_execution_context_smoke.exe"
Directory: D:/agent/booming-il2cpp/build/testing/runtime-core/threading
"test_execution_context_smoke" start time: May 22 18:52 China Standard Time
Output:
----------------------------------------------------------
Running main() from D:\agent\booming-il2cpp\build\testing\_deps\googletest-src\googletest\src\gtest_main.cc
[==========] Running 10 tests from 1 test suite.
[----------] Global test environment set-up.
[----------] 10 tests from ExecutionContextTest
[ RUN      ] ExecutionContextTest.EmptyCapture
[       OK ] ExecutionContextTest.EmptyCapture (0 ms)
[ RUN      ] ExecutionContextTest.SingleValue
[       OK ] ExecutionContextTest.SingleValue (0 ms)
[ RUN      ] ExecutionContextTest.SuppressFlow
D:\agent\booming-il2cpp\testing\src\native\runtime-core\threading\execution_context_smoke_test.cpp(63): error: Expected equality of these values:
  ctx_after->value_count
    Which is: 2
  1u
    Which is: 1

D:\agent\booming-il2cpp\testing\src\native\runtime-core\threading\execution_context_smoke_test.cpp(64): error: Expected equality of these values:
  ctx_after->values[0].key
    Which is: 4660
  kKey
    Which is: 22136

[  FAILED  ] ExecutionContextTest.SuppressFlow (0 ms)
[ RUN      ] ExecutionContextTest.NestedSuppress
[       OK ] ExecutionContextTest.NestedSuppress (0 ms)
[ RUN      ] ExecutionContextTest.SuppressNullCapture
D:\agent\booming-il2cpp\testing\src\native\runtime-core\threading\execution_context_smoke_test.cpp(95): error: Expected equality of these values:
  ctx
    Which is: 0000017E88A88650
  nullptr
    Which is: (nullptr)

[  FAILED  ] ExecutionContextTest.SuppressNullCapture (0 ms)
[ RUN      ] ExecutionContextTest.MultiValueHeap
D:\agent\booming-il2cpp\testing\src\native\runtime-core\threading\execution_context_smoke_test.cpp(106): error: Expected equality of these values:
  ctx->value_count
    Which is: 7
  5u
    Which is: 5

D:\agent\booming-il2cpp\testing\src\native\runtime-core\threading\execution_context_smoke_test.cpp(110): error: Expected equality of these values:
  ctx->values[i].key
    Which is: 4660
  i + 100
    Which is: 100

D:\agent\booming-il2cpp\testing\src\native\runtime-core\threading\execution_context_smoke_test.cpp(111): error: Expected equality of these values:
  ctx->values[i].value
    Which is: 0
  static_cast<std::intptr_t>(0xFF00 + i)
    Which is: 65280

D:\agent\booming-il2cpp\testing\src\native\runtime-core\threading\execution_context_smoke_test.cpp(110): error: Expected equality of these values:
  ctx->values[i].key
    Which is: 22136
  i + 100
    Which is: 101

D:\agent\booming-il2cpp\testing\src\native\runtime-core\threading\execution_context_smoke_test.cpp(111): error: Expected equality of these values:
  ctx->values[i].value
    Which is: 0
  static_cast<std::intptr_t>(0xFF00 + i)
    Which is: 65281

D:\agent\booming-il2cpp\testing\src\native\runtime-core\threading\execution_context_smoke_test.cpp(110): error: Expected equality of these values:
  ctx->values[i].key
    Which is: 100
  i + 100
    Which is: 102

D:\agent\booming-il2cpp\testing\src\native\runtime-core\threading\execution_context_smoke_test.cpp(111): error: Expected equality of these values:
  ctx->values[i].value
    Which is: 65280
  static_cast<std::intptr_t>(0xFF00 + i)
    Which is: 65282

D:\agent\booming-il2cpp\testing\src\native\runtime-core\threading\execution_context_smoke_test.cpp(110): error: Expected equality of these values:
  ctx->values[i].key
    Which is: 101
  i + 100
    Which is: 103

D:\agent\booming-il2cpp\testing\src\native\runtime-core\threading\execution_context_smoke_test.cpp(111): error: Expected equality of these values:
  ctx->values[i].value
    Which is: 65281
  static_cast<std::intptr_t>(0xFF00 + i)
    Which is: 65283

D:\agent\booming-il2cpp\testing\src\native\runtime-core\threading\execution_context_smoke_test.cpp(110): error: Expected equality of these values:
  ctx->values[i].key
    Which is: 102
  i + 100
    Which is: 104

D:\agent\booming-il2cpp\testing\src\native\runtime-core\threading\execution_context_smoke_test.cpp(111): error: Expected equality of these values:
  ctx->values[i].value
    Which is: 65282
  static_cast<std::intptr_t>(0xFF00 + i)
    Which is: 65284

[  FAILED  ] ExecutionContextTest.MultiValueHeap (0 ms)
[ RUN      ] ExecutionContextTest.SuppressFlowRestoresCapture
D:\agent\booming-il2cpp\testing\src\native\runtime-core\threading\execution_context_smoke_test.cpp(132): error: Expected equality of these values:
  ctx2->value_count
    Which is: 8
  1u
    Which is: 1

D:\agent\booming-il2cpp\testing\src\native\runtime-core\threading\execution_context_smoke_test.cpp(133): error: Expected equality of these values:
  ctx2->values[0].key
    Which is: 4660
  42u
    Which is: 42

D:\agent\booming-il2cpp\testing\src\native\runtime-core\threading\execution_context_smoke_test.cpp(134): error: Expected equality of these values:
  ctx2->values[0].value
    Which is: 0
  static_cast<std::intptr_t>(99)
    Which is: 99

[  FAILED  ] ExecutionContextTest.SuppressFlowRestoresCapture (0 ms)
[ RUN      ] ExecutionContextTest.RunContextWithValues
[       OK ] ExecutionContextTest.RunContextWithValues (0 ms)
[ RUN      ] ExecutionContextTest.RunContextNull
[       OK ] ExecutionContextTest.RunContextNull (0 ms)
[ RUN      ] ExecutionContextTest.SuppressFlowExternCBridge
[       OK ] ExecutionContextTest.SuppressFlowExternCBridge (0 ms)
[----------] 10 tests from ExecutionContextTest (0 ms total)

[----------] Global test environment tear-down
[==========] 10 tests from 1 test suite ran. (0 ms total)
[  PASSED  ] 6 tests.
[  FAILED  ] 4 tests, listed below:
[  FAILED  ] ExecutionContextTest.SuppressFlow
[  FAILED  ] ExecutionContextTest.SuppressNullCapture
[  FAILED  ] ExecutionContextTest.MultiValueHeap
[  FAILED  ] ExecutionContextTest.SuppressFlowRestoresCapture

 4 FAILED TESTS
<end of output>
Test time =   0.19 sec
----------------------------------------------------------
Test Failed.
"test_execution_context_smoke" end time: May 22 18:52 China Standard Time
"test_execution_context_smoke" time elapsed: 00:00:00
----------------------------------------------------------

End testing: May 22 18:52 China Standard Time

threading =   0.19 sec*proc

unit =   0.19 sec*proc

