Start testing: May 21 21:18 China Standard Time
----------------------------------------------------------
8/73 Testing: test_common_async_extended
8/73 Test: test_common_async_extended
Command: "D:/agent/booming-il2cpp/build/testing/common/RelWithDebInfo/test_common_async_extended.exe"
Directory: D:/agent/booming-il2cpp/build/testing/common
"test_common_async_extended" start time: May 21 21:18 China Standard Time
Output:
----------------------------------------------------------
Running main() from D:\agent\booming-il2cpp\build\testing\_deps\googletest-src\googletest\src\gtest_main.cc
[==========] Running 41 tests from 1 test suite.
[----------] Global test environment set-up.
[----------] 41 tests from CommonAsyncExtended
[ RUN      ] CommonAsyncExtended.CreateReturnsNonNull
[       OK ] CommonAsyncExtended.CreateReturnsNonNull (0 ms)
[ RUN      ] CommonAsyncExtended.CreateInitialState
[       OK ] CommonAsyncExtended.CreateInitialState (0 ms)
[ RUN      ] CommonAsyncExtended.MultipleTasksIndependent
[       OK ] CommonAsyncExtended.MultipleTasksIndependent (0 ms)
[ RUN      ] CommonAsyncExtended.CreateManyTasks
[       OK ] CommonAsyncExtended.CreateManyTasks (0 ms)
[ RUN      ] CommonAsyncExtended.BuilderGetTaskLazyCreate
[       OK ] CommonAsyncExtended.BuilderGetTaskLazyCreate (0 ms)
[ RUN      ] CommonAsyncExtended.BuilderSetResult
[       OK ] CommonAsyncExtended.BuilderSetResult (0 ms)
[ RUN      ] CommonAsyncExtended.BuilderSetException
[       OK ] CommonAsyncExtended.BuilderSetException (0 ms)
[ RUN      ] CommonAsyncExtended.BuilderSetResultOverwritesPrevious
[       OK ] CommonAsyncExtended.BuilderSetResultOverwritesPrevious (0 ms)
[ RUN      ] CommonAsyncExtended.BuilderSetExceptionAfterResult
[       OK ] CommonAsyncExtended.BuilderSetExceptionAfterResult (0 ms)
[ RUN      ] CommonAsyncExtended.BuilderSetResultAfterException
[       OK ] CommonAsyncExtended.BuilderSetResultAfterException (0 ms)
[ RUN      ] CommonAsyncExtended.BuilderGetTaskPreCreated
[       OK ] CommonAsyncExtended.BuilderGetTaskPreCreated (0 ms)
[ RUN      ] CommonAsyncExtended.YieldCreateReturnsOne
[       OK ] CommonAsyncExtended.YieldCreateReturnsOne (0 ms)
[ RUN      ] CommonAsyncExtended.YieldGetAwaiterFromSlot
[       OK ] CommonAsyncExtended.YieldGetAwaiterFromSlot (0 ms)
[ RUN      ] CommonAsyncExtended.YieldGetAwaiterTaggedPointer
[       OK ] CommonAsyncExtended.YieldGetAwaiterTaggedPointer (0 ms)
[ RUN      ] CommonAsyncExtended.YieldIsCompletedAlwaysTrue
[       OK ] CommonAsyncExtended.YieldIsCompletedAlwaysTrue (0 ms)
[ RUN      ] CommonAsyncExtended.YieldGetResultNoCrash
[       OK ] CommonAsyncExtended.YieldGetResultNoCrash (0 ms)
[ RUN      ] CommonAsyncExtended.TaskGetAwaiterReturnsHandle
[       OK ] CommonAsyncExtended.TaskGetAwaiterReturnsHandle (0 ms)
[ RUN      ] CommonAsyncExtended.TaskAwaiterIsCompletedTrue
[       OK ] CommonAsyncExtended.TaskAwaiterIsCompletedTrue (0 ms)
[ RUN      ] CommonAsyncExtended.TaskAwaiterIsCompletedFalse
[       OK ] CommonAsyncExtended.TaskAwaiterIsCompletedFalse (0 ms)
[ RUN      ] CommonAsyncExtended.TaskAwaiterIsCompletedFaulted
[       OK ] CommonAsyncExtended.TaskAwaiterIsCompletedFaulted (0 ms)
[ RUN      ] CommonAsyncExtended.TaskAwaiterGetResult
[       OK ] CommonAsyncExtended.TaskAwaiterGetResult (0 ms)
[ RUN      ] CommonAsyncExtended.TaskAwaiterGetResultZero
[       OK ] CommonAsyncExtended.TaskAwaiterGetResultZero (0 ms)
[ RUN      ] CommonAsyncExtended.ResolveUntaggedPointer
[       OK ] CommonAsyncExtended.ResolveUntaggedPointer (0 ms)
[ RUN      ] CommonAsyncExtended.ResolveTaggedPointer
[       OK ] CommonAsyncExtended.ResolveTaggedPointer (0 ms)
[ RUN      ] CommonAsyncExtended.ResolveRoundTripThroughSlot
[       OK ] CommonAsyncExtended.ResolveRoundTripThroughSlot (0 ms)
[ RUN      ] CommonAsyncExtended.ResolveBlockCopyAddressUntagged
[       OK ] CommonAsyncExtended.ResolveBlockCopyAddressUntagged (0 ms)
[ RUN      ] CommonAsyncExtended.ResolveBlockCopyAddressTaggedSlot
[       OK ] CommonAsyncExtended.ResolveBlockCopyAddressTaggedSlot (0 ms)
[ RUN      ] CommonAsyncExtended.ResolveBlockCopyAddressTaggedRawInt32
[       OK ] CommonAsyncExtended.ResolveBlockCopyAddressTaggedRawInt32 (0 ms)
[ RUN      ] CommonAsyncExtended.TaskRunFnInitiallyNull
[       OK ] CommonAsyncExtended.TaskRunFnInitiallyNull (0 ms)
[ RUN      ] CommonAsyncExtended.TaskRunFnRegisterAndCall
[       OK ] CommonAsyncExtended.TaskRunFnRegisterAndCall (0 ms)
[ RUN      ] CommonAsyncExtended.TaskRunFnUnregisterReturnsZero
[       OK ] CommonAsyncExtended.TaskRunFnUnregisterReturnsZero (0 ms)
[ RUN      ] CommonAsyncExtended.TaskRunFnReRegister
[       OK ] CommonAsyncExtended.TaskRunFnReRegister (0 ms)
[ RUN      ] CommonAsyncExtended.TaskRunFnPassArg
[       OK ] CommonAsyncExtended.TaskRunFnPassArg (0 ms)
[ RUN      ] CommonAsyncExtended.ConcurrentCreateAndRead
[       OK ] CommonAsyncExtended.ConcurrentCreateAndRead (1 ms)
[ RUN      ] CommonAsyncExtended.ConcurrentBuilderAccess
[       OK ] CommonAsyncExtended.ConcurrentBuilderAccess (0 ms)
[ RUN      ] CommonAsyncExtended.ConcurrentTaskRunFn
[       OK ] CommonAsyncExtended.ConcurrentTaskRunFn (0 ms)
[ RUN      ] CommonAsyncExtended.BuilderSetResultZero
[       OK ] CommonAsyncExtended.BuilderSetResultZero (0 ms)
[ RUN      ] CommonAsyncExtended.BuilderSetExceptionZero
[       OK ] CommonAsyncExtended.BuilderSetExceptionZero (0 ms)
[ RUN      ] CommonAsyncExtended.BuilderSetResultLargeValue
[       OK ] CommonAsyncExtended.BuilderSetResultLargeValue (0 ms)
[ RUN      ] CommonAsyncExtended.BuilderSetExceptionLargeValue
[       OK ] CommonAsyncExtended.BuilderSetExceptionLargeValue (0 ms)
[ RUN      ] CommonAsyncExtended.BuilderSlotReuse
[       OK ] CommonAsyncExtended.BuilderSlotReuse (0 ms)
[----------] 41 tests from CommonAsyncExtended (2 ms total)

[----------] Global test environment tear-down
[==========] 41 tests from 1 test suite ran. (2 ms total)
[  PASSED  ] 41 tests.
<end of output>
Test time =   0.02 sec
----------------------------------------------------------
Test Passed.
"test_common_async_extended" end time: May 21 21:18 China Standard Time
"test_common_async_extended" time elapsed: 00:00:00
----------------------------------------------------------

7/73 Testing: test_common_async
7/73 Test: test_common_async
Command: "D:/agent/booming-il2cpp/build/testing/common/RelWithDebInfo/test_common_async.exe"
Directory: D:/agent/booming-il2cpp/build/testing/common
"test_common_async" start time: May 21 21:18 China Standard Time
Output:
----------------------------------------------------------
Running main() from D:\agent\booming-il2cpp\build\testing\_deps\googletest-src\googletest\src\gtest_main.cc
[==========] Running 11 tests from 1 test suite.
[----------] Global test environment set-up.
[----------] 11 tests from CommonAsync
[ RUN      ] CommonAsync.AsyncTaskCreate
[       OK ] CommonAsync.AsyncTaskCreate (0 ms)
[ RUN      ] CommonAsync.AsyncTaskBuilderSetResult
[       OK ] CommonAsync.AsyncTaskBuilderSetResult (0 ms)
[ RUN      ] CommonAsync.AsyncTaskBuilderSetException
[       OK ] CommonAsync.AsyncTaskBuilderSetException (0 ms)
[ RUN      ] CommonAsync.AsyncYieldCreate
[       OK ] CommonAsync.AsyncYieldCreate (0 ms)
[ RUN      ] CommonAsync.AsyncYieldGetAwaiter
[       OK ] CommonAsync.AsyncYieldGetAwaiter (0 ms)
[ RUN      ] CommonAsync.AsyncYieldIsCompleted
[       OK ] CommonAsync.AsyncYieldIsCompleted (0 ms)
[ RUN      ] CommonAsync.AsyncTaskGetAwaiter
[       OK ] CommonAsync.AsyncTaskGetAwaiter (0 ms)
[ RUN      ] CommonAsync.AsyncTaskAwaiterIsCompleted
[       OK ] CommonAsync.AsyncTaskAwaiterIsCompleted (0 ms)
[ RUN      ] CommonAsync.AsyncTaskAwaiterGetResult
[       OK ] CommonAsync.AsyncTaskAwaiterGetResult (0 ms)
[ RUN      ] CommonAsync.RegisterAsyncTaskRunFn
[       OK ] CommonAsync.RegisterAsyncTaskRunFn (0 ms)
[ RUN      ] CommonAsync.AsyncTaskRunNoRegisteredFn
[       OK ] CommonAsync.AsyncTaskRunNoRegisteredFn (0 ms)
[----------] 11 tests from CommonAsync (0 ms total)

[----------] Global test environment tear-down
[==========] 11 tests from 1 test suite ran. (0 ms total)
[  PASSED  ] 11 tests.
<end of output>
Test time =   0.01 sec
----------------------------------------------------------
Test Passed.
"test_common_async" end time: May 21 21:18 China Standard Time
"test_common_async" time elapsed: 00:00:00
----------------------------------------------------------

1/73 Testing: test_log_system
1/73 Test: test_log_system
Command: "D:/agent/booming-il2cpp/build/testing/support/RelWithDebInfo/test_log_system.exe"
Directory: D:/agent/booming-il2cpp/build/testing/support
"test_log_system" start time: May 21 21:18 China Standard Time
Output:
----------------------------------------------------------
Running main() from D:\agent\booming-il2cpp\build\testing\_deps\googletest-src\googletest\src\gtest_main.cc
[==========] Running 9 tests from 1 test suite.
[----------] Global test environment set-up.
[----------] 9 tests from LogSystem
[ RUN      ] LogSystem.EmptyFlush
[       OK ] LogSystem.EmptyFlush (0 ms)
[ RUN      ] LogSystem.SingleWrite
[       OK ] LogSystem.SingleWrite (1 ms)
[ RUN      ] LogSystem.MultipleWrites
[       OK ] LogSystem.MultipleWrites (0 ms)
[ RUN      ] LogSystem.BufferWrap
[       OK ] LogSystem.BufferWrap (0 ms)
[ RUN      ] LogSystem.FormatMacros
[       OK ] LogSystem.FormatMacros (1 ms)
[ RUN      ] LogSystem.RawWrite
[       OK ] LogSystem.RawWrite (1 ms)
[ RUN      ] LogSystem.RawWriteFmt
[       OK ] LogSystem.RawWriteFmt (1 ms)
[ RUN      ] LogSystem.ThreadSafety
[       OK ] LogSystem.ThreadSafety (2 ms)
[ RUN      ] LogSystem.LevelElimination
[       OK ] LogSystem.LevelElimination (0 ms)
[----------] 9 tests from LogSystem (10 ms total)

[----------] Global test environment tear-down
[==========] 9 tests from 1 test suite ran. (10 ms total)
[  PASSED  ] 9 tests.
<end of output>
Test time =   0.02 sec
----------------------------------------------------------
Test Passed.
"test_log_system" end time: May 21 21:18 China Standard Time
"test_log_system" time elapsed: 00:00:00
----------------------------------------------------------

2/73 Testing: test_abi_method_table
2/73 Test: test_abi_method_table
Command: "D:/agent/booming-il2cpp/build/testing/abi/RelWithDebInfo/test_abi_method_table.exe"
Directory: D:/agent/booming-il2cpp/build/testing/abi
"test_abi_method_table" start time: May 21 21:18 China Standard Time
Output:
----------------------------------------------------------
Running main() from D:\agent\booming-il2cpp\build\testing\_deps\googletest-src\googletest\src\gtest_main.cc
[==========] Running 8 tests from 1 test suite.
[----------] Global test environment set-up.
[----------] 8 tests from MethodTableAbi
[ RUN      ] MethodTableAbi.BasicWriteResolveClear
[       OK ] MethodTableAbi.BasicWriteResolveClear (0 ms)
[ RUN      ] MethodTableAbi.OriginTracking
[       OK ] MethodTableAbi.OriginTracking (0 ms)
[ RUN      ] MethodTableAbi.AbiManifestValidate
[       OK ] MethodTableAbi.AbiManifestValidate (0 ms)
[ RUN      ] MethodTableAbi.AbiManifestCompatible
[       OK ] MethodTableAbi.AbiManifestCompatible (0 ms)
[ RUN      ] MethodTableAbi.CheckMethodSignature
[       OK ] MethodTableAbi.CheckMethodSignature (0 ms)
[ RUN      ] MethodTableAbi.GetMethodParamOffset
[       OK ] MethodTableAbi.GetMethodParamOffset (0 ms)
[ RUN      ] MethodTableAbi.GetMethodParamOffsetPrefixSum
[       OK ] MethodTableAbi.GetMethodParamOffsetPrefixSum (0 ms)
[ RUN      ] MethodTableAbi.ResolveWithAbiCheck
[       OK ] MethodTableAbi.ResolveWithAbiCheck (0 ms)
[----------] 8 tests from MethodTableAbi (0 ms total)

[----------] Global test environment tear-down
[==========] 8 tests from 1 test suite ran. (0 ms total)
[  PASSED  ] 8 tests.
<end of output>
Test time =   0.02 sec
----------------------------------------------------------
Test Passed.
"test_abi_method_table" end time: May 21 21:18 China Standard Time
"test_abi_method_table" time elapsed: 00:00:00
----------------------------------------------------------

3/73 Testing: test_common_checked_conv
3/73 Test: test_common_checked_conv
Command: "D:/agent/booming-il2cpp/build/testing/common/RelWithDebInfo/test_common_checked_conv.exe"
Directory: D:/agent/booming-il2cpp/build/testing/common
"test_common_checked_conv" start time: May 21 21:18 China Standard Time
Output:
----------------------------------------------------------
Running main() from D:\agent\booming-il2cpp\build\testing\_deps\googletest-src\googletest\src\gtest_main.cc
[==========] Running 4 tests from 1 test suite.
[----------] Global test environment set-up.
[----------] 4 tests from CommonCheckedConv
[ RUN      ] CommonCheckedConv.I1_ValidRange
[       OK ] CommonCheckedConv.I1_ValidRange (0 ms)
[ RUN      ] CommonCheckedConv.U1_ValidRange
[       OK ] CommonCheckedConv.U1_ValidRange (0 ms)
[ RUN      ] CommonCheckedConv.I2_ValidRange
[       OK ] CommonCheckedConv.I2_ValidRange (0 ms)
[ RUN      ] CommonCheckedConv.U2_ValidRange
[       OK ] CommonCheckedConv.U2_ValidRange (0 ms)
[----------] 4 tests from CommonCheckedConv (0 ms total)

[----------] Global test environment tear-down
[==========] 4 tests from 1 test suite ran. (0 ms total)
[  PASSED  ] 4 tests.
<end of output>
Test time =   0.01 sec
----------------------------------------------------------
Test Passed.
"test_common_checked_conv" end time: May 21 21:18 China Standard Time
"test_common_checked_conv" time elapsed: 00:00:00
----------------------------------------------------------

4/73 Testing: test_common_collection
4/73 Test: test_common_collection
Command: "D:/agent/booming-il2cpp/build/testing/common/RelWithDebInfo/test_common_collection.exe"
Directory: D:/agent/booming-il2cpp/build/testing/common
"test_common_collection" start time: May 21 21:18 China Standard Time
Output:
----------------------------------------------------------
Running main() from D:\agent\booming-il2cpp\build\testing\_deps\googletest-src\googletest\src\gtest_main.cc
[==========] Running 5 tests from 1 test suite.
[----------] Global test environment set-up.
[----------] 5 tests from CommonCollection
[ RUN      ] CommonCollection.NativeStorageSlotOffset
[       OK ] CommonCollection.NativeStorageSlotOffset (0 ms)
[ RUN      ] CommonCollection.DictionaryRuntimeStorage_Empty
[       OK ] CommonCollection.DictionaryRuntimeStorage_Empty (0 ms)
[ RUN      ] CommonCollection.DictionaryRuntimeStorage_Insert
[       OK ] CommonCollection.DictionaryRuntimeStorage_Insert (0 ms)
[ RUN      ] CommonCollection.DictionaryRuntimeStorage_StringKey
[       OK ] CommonCollection.DictionaryRuntimeStorage_StringKey (0 ms)
[ RUN      ] CommonCollection.PairType
[       OK ] CommonCollection.PairType (0 ms)
[----------] 5 tests from CommonCollection (0 ms total)

[----------] Global test environment tear-down
[==========] 5 tests from 1 test suite ran. (0 ms total)
[  PASSED  ] 5 tests.
<end of output>
Test time =   0.01 sec
----------------------------------------------------------
Test Passed.
"test_common_collection" end time: May 21 21:18 China Standard Time
"test_common_collection" time elapsed: 00:00:00
----------------------------------------------------------

5/73 Testing: test_common_json_reader
5/73 Test: test_common_json_reader
Command: "D:/agent/booming-il2cpp/build/testing/common/RelWithDebInfo/test_common_json_reader.exe"
Directory: D:/agent/booming-il2cpp/build/testing/common
"test_common_json_reader" start time: May 21 21:18 China Standard Time
Output:
----------------------------------------------------------
Running main() from D:\agent\booming-il2cpp\build\testing\_deps\googletest-src\googletest\src\gtest_main.cc
[==========] Running 20 tests from 1 test suite.
[----------] Global test environment set-up.
[----------] 20 tests from CommonJsonReader
[ RUN      ] CommonJsonReader.ParseNull
[       OK ] CommonJsonReader.ParseNull (0 ms)
[ RUN      ] CommonJsonReader.ParseTrue
[       OK ] CommonJsonReader.ParseTrue (0 ms)
[ RUN      ] CommonJsonReader.ParseFalse
[       OK ] CommonJsonReader.ParseFalse (0 ms)
[ RUN      ] CommonJsonReader.ParseInt
[       OK ] CommonJsonReader.ParseInt (0 ms)
[ RUN      ] CommonJsonReader.ParseNegativeInt
[       OK ] CommonJsonReader.ParseNegativeInt (0 ms)
[ RUN      ] CommonJsonReader.ParseDouble
[       OK ] CommonJsonReader.ParseDouble (0 ms)
[ RUN      ] CommonJsonReader.ParseScientificDouble
[       OK ] CommonJsonReader.ParseScientificDouble (0 ms)
[ RUN      ] CommonJsonReader.ParseString
[       OK ] CommonJsonReader.ParseString (0 ms)
[ RUN      ] CommonJsonReader.ParseStringWithEscapes
[       OK ] CommonJsonReader.ParseStringWithEscapes (0 ms)
[ RUN      ] CommonJsonReader.ParseEmptyObject
[       OK ] CommonJsonReader.ParseEmptyObject (0 ms)
[ RUN      ] CommonJsonReader.ParseEmptyArray
[       OK ] CommonJsonReader.ParseEmptyArray (0 ms)
[ RUN      ] CommonJsonReader.ParseSimpleObject
[       OK ] CommonJsonReader.ParseSimpleObject (0 ms)
[ RUN      ] CommonJsonReader.ParseObjectFindMissingKey
[       OK ] CommonJsonReader.ParseObjectFindMissingKey (0 ms)
[ RUN      ] CommonJsonReader.ParseSimpleArray
[       OK ] CommonJsonReader.ParseSimpleArray (0 ms)
[ RUN      ] CommonJsonReader.ParseNestedObject
[       OK ] CommonJsonReader.ParseNestedObject (0 ms)
[ RUN      ] CommonJsonReader.ParseUnterminatedString
[       OK ] CommonJsonReader.ParseUnterminatedString (0 ms)
[ RUN      ] CommonJsonReader.ParseTrailingCommaObject
[       OK ] CommonJsonReader.ParseTrailingCommaObject (0 ms)
[ RUN      ] CommonJsonReader.ForEachArrayElementNonArray
[       OK ] CommonJsonReader.ForEachArrayElementNonArray (0 ms)
[ RUN      ] CommonJsonReader.ForEachArrayElementEmptyArray
[       OK ] CommonJsonReader.ForEachArrayElementEmptyArray (0 ms)
[ RUN      ] CommonJsonReader.FindKeyNonObject
[       OK ] CommonJsonReader.FindKeyNonObject (0 ms)
[----------] 20 tests from CommonJsonReader (0 ms total)

[----------] Global test environment tear-down
[==========] 20 tests from 1 test suite ran. (0 ms total)
[  PASSED  ] 20 tests.
<end of output>
Test time =   0.01 sec
----------------------------------------------------------
Test Passed.
"test_common_json_reader" end time: May 21 21:18 China Standard Time
"test_common_json_reader" time elapsed: 00:00:00
----------------------------------------------------------

6/73 Testing: test_common_format
6/73 Test: test_common_format
Command: "D:/agent/booming-il2cpp/build/testing/common/RelWithDebInfo/test_common_format.exe"
Directory: D:/agent/booming-il2cpp/build/testing/common
"test_common_format" start time: May 21 21:18 China Standard Time
Output:
----------------------------------------------------------
Running main() from D:\agent\booming-il2cpp\build\testing\_deps\googletest-src\googletest\src\gtest_main.cc
[==========] Running 7 tests from 1 test suite.
[----------] Global test environment set-up.
[----------] 7 tests from CommonFormat
[ RUN      ] CommonFormat.FormatInt32
[       OK ] CommonFormat.FormatInt32 (0 ms)
[ RUN      ] CommonFormat.FormatFloat
[       OK ] CommonFormat.FormatFloat (0 ms)
[ RUN      ] CommonFormat.FormatDouble
[       OK ] CommonFormat.FormatDouble (0 ms)
[ RUN      ] CommonFormat.FormatString
[       OK ] CommonFormat.FormatString (0 ms)
[ RUN      ] CommonFormat.FormatStringMultipleArgs
[       OK ] CommonFormat.FormatStringMultipleArgs (0 ms)
[ RUN      ] CommonFormat.FormatAppendTo
[       OK ] CommonFormat.FormatAppendTo (0 ms)
[ RUN      ] CommonFormat.FormatStringHex
[       OK ] CommonFormat.FormatStringHex (0 ms)
[----------] 7 tests from CommonFormat (0 ms total)

[----------] Global test environment tear-down
[==========] 7 tests from 1 test suite ran. (0 ms total)
[  PASSED  ] 7 tests.
<end of output>
Test time =   0.01 sec
----------------------------------------------------------
Test Passed.
"test_common_format" end time: May 21 21:18 China Standard Time
"test_common_format" time elapsed: 00:00:00
----------------------------------------------------------

9/73 Testing: test_common_thread
9/73 Test: test_common_thread
Command: "D:/agent/booming-il2cpp/build/testing/common/RelWithDebInfo/test_common_thread.exe"
Directory: D:/agent/booming-il2cpp/build/testing/common
"test_common_thread" start time: May 21 21:18 China Standard Time
Output:
----------------------------------------------------------
Running main() from D:\agent\booming-il2cpp\build\testing\_deps\googletest-src\googletest\src\gtest_main.cc
[==========] Running 5 tests from 1 test suite.
[----------] Global test environment set-up.
[----------] 5 tests from CommonThread
[ RUN      ] CommonThread.AllocateManagedThreadId
[       OK ] CommonThread.AllocateManagedThreadId (0 ms)
[ RUN      ] CommonThread.CurrentThreadObjectDefault
[       OK ] CommonThread.CurrentThreadObjectDefault (0 ms)
[ RUN      ] CommonThread.CurrentManagedThreadIdDefault
[       OK ] CommonThread.CurrentManagedThreadIdDefault (0 ms)
[ RUN      ] CommonThread.TryGetNullEntry
[       OK ] CommonThread.TryGetNullEntry (0 ms)
[ RUN      ] CommonThread.TryGetUnregisteredEntry
[       OK ] CommonThread.TryGetUnregisteredEntry (0 ms)
[----------] 5 tests from CommonThread (0 ms total)

[----------] Global test environment tear-down
[==========] 5 tests from 1 test suite ran. (0 ms total)
[  PASSED  ] 5 tests.
<end of output>
Test time =   0.01 sec
----------------------------------------------------------
Test Passed.
"test_common_thread" end time: May 21 21:18 China Standard Time
"test_common_thread" time elapsed: 00:00:00
----------------------------------------------------------

10/73 Testing: test_common_monitor
10/73 Test: test_common_monitor
Command: "D:/agent/booming-il2cpp/build/testing/common/RelWithDebInfo/test_common_monitor.exe"
Directory: D:/agent/booming-il2cpp/build/testing/common
"test_common_monitor" start time: May 21 21:18 China Standard Time
Output:
----------------------------------------------------------
Running main() from D:\agent\booming-il2cpp\build\testing\_deps\googletest-src\googletest\src\gtest_main.cc
[==========] Running 3 tests from 1 test suite.
[----------] Global test environment set-up.
[----------] 3 tests from CommonMonitor
[ RUN      ] CommonMonitor.RequireEntryCreatesNew
[       OK ] CommonMonitor.RequireEntryCreatesNew (0 ms)
[ RUN      ] CommonMonitor.SameHandleReturnsSameEntry
[       OK ] CommonMonitor.SameHandleReturnsSameEntry (0 ms)
[ RUN      ] CommonMonitor.DifferentHandlesDifferentEntries
[       OK ] CommonMonitor.DifferentHandlesDifferentEntries (0 ms)
[----------] 3 tests from CommonMonitor (0 ms total)

[----------] Global test environment tear-down
[==========] 3 tests from 1 test suite ran. (0 ms total)
[  PASSED  ] 3 tests.
<end of output>
Test time =   0.01 sec
----------------------------------------------------------
Test Passed.
"test_common_monitor" end time: May 21 21:18 China Standard Time
"test_common_monitor" time elapsed: 00:00:00
----------------------------------------------------------

11/73 Testing: test_common_profile
11/73 Test: test_common_profile
Command: "D:/agent/booming-il2cpp/build/testing/common/RelWithDebInfo/test_common_profile.exe"
Directory: D:/agent/booming-il2cpp/build/testing/common
"test_common_profile" start time: May 21 21:18 China Standard Time
Output:
----------------------------------------------------------
Running main() from D:\agent\booming-il2cpp\build\testing\_deps\googletest-src\googletest\src\gtest_main.cc
[==========] Running 2 tests from 1 test suite.
[----------] Global test environment set-up.
[----------] 2 tests from CommonProfile
[ RUN      ] CommonProfile.MacrosCompileWithDisabledProfile
[       OK ] CommonProfile.MacrosCompileWithDisabledProfile (0 ms)
[ RUN      ] CommonProfile.NullProfileScopeIsConstexpr
[       OK ] CommonProfile.NullProfileScopeIsConstexpr (0 ms)
[----------] 2 tests from CommonProfile (0 ms total)

[----------] Global test environment tear-down
[==========] 2 tests from 1 test suite ran. (0 ms total)
[  PASSED  ] 2 tests.
<end of output>
Test time =   0.02 sec
----------------------------------------------------------
Test Passed.
"test_common_profile" end time: May 21 21:18 China Standard Time
"test_common_profile" time elapsed: 00:00:00
----------------------------------------------------------

12/73 Testing: test_common_span
12/73 Test: test_common_span
Command: "D:/agent/booming-il2cpp/build/testing/common/RelWithDebInfo/test_common_span.exe"
Directory: D:/agent/booming-il2cpp/build/testing/common
"test_common_span" start time: May 21 21:18 China Standard Time
Output:
----------------------------------------------------------
Running main() from D:\agent\booming-il2cpp\build\testing\_deps\googletest-src\googletest\src\gtest_main.cc
[==========] Running 5 tests from 1 test suite.
[----------] Global test environment set-up.
[----------] 5 tests from CommonSpan
[ RUN      ] CommonSpan.SpanRuntimeEntryDefaults
[       OK ] CommonSpan.SpanRuntimeEntryDefaults (0 ms)
[ RUN      ] CommonSpan.SpanRuntimeEntryCustomValues
[       OK ] CommonSpan.SpanRuntimeEntryCustomValues (0 ms)
[ RUN      ] CommonSpan.MemoryRuntimeEntryDefaults
[       OK ] CommonSpan.MemoryRuntimeEntryDefaults (0 ms)
[ RUN      ] CommonSpan.MemoryRuntimeEntryCustomValues
[       OK ] CommonSpan.MemoryRuntimeEntryCustomValues (0 ms)
[ RUN      ] CommonSpan.SpanStorageKindValues
[       OK ] CommonSpan.SpanStorageKindValues (0 ms)
[----------] 5 tests from CommonSpan (0 ms total)

[----------] Global test environment tear-down
[==========] 5 tests from 1 test suite ran. (0 ms total)
[  PASSED  ] 5 tests.
<end of output>
Test time =   0.02 sec
----------------------------------------------------------
Test Passed.
"test_common_span" end time: May 21 21:18 China Standard Time
"test_common_span" time elapsed: 00:00:00
----------------------------------------------------------

13/73 Testing: test_bootstrap_smoke
13/73 Test: test_bootstrap_smoke
Command: "D:/agent/booming-il2cpp/build/testing/bootstrap/RelWithDebInfo/test_bootstrap_smoke.exe"
Directory: D:/agent/booming-il2cpp/build/testing/bootstrap
"test_bootstrap_smoke" start time: May 21 21:18 China Standard Time
Output:
----------------------------------------------------------
Running main() from D:\agent\booming-il2cpp\build\testing\_deps\googletest-src\googletest\src\gtest_main.cc
[==========] Running 7 tests from 1 test suite.
[----------] Global test environment set-up.
[----------] 7 tests from BootstrapSmoke
[ RUN      ] BootstrapSmoke.PeekStateReturnsNonNullBeforeInit
[       OK ] BootstrapSmoke.PeekStateReturnsNonNullBeforeInit (0 ms)
[ RUN      ] BootstrapSmoke.GetAotDomainIdIsZeroBeforeInit
[       OK ] BootstrapSmoke.GetAotDomainIdIsZeroBeforeInit (0 ms)
[ RUN      ] BootstrapSmoke.FindMethodPointerByZeroToken
[       OK ] BootstrapSmoke.FindMethodPointerByZeroToken (0 ms)
[ RUN      ] BootstrapSmoke.FindInvokerPointerByZeroToken
[       OK ] BootstrapSmoke.FindInvokerPointerByZeroToken (0 ms)
[ RUN      ] BootstrapSmoke.GetCodegenBridgeReturnsNonNullBeforeInit
[       OK ] BootstrapSmoke.GetCodegenBridgeReturnsNonNullBeforeInit (0 ms)
[ RUN      ] BootstrapSmoke.FindTypeCapabilityIsNullBeforeInit
[       OK ] BootstrapSmoke.FindTypeCapabilityIsNullBeforeInit (0 ms)
[ RUN      ] BootstrapSmoke.BootstrapStateStructLayout
[       OK ] BootstrapSmoke.BootstrapStateStructLayout (0 ms)
[----------] 7 tests from BootstrapSmoke (0 ms total)

[----------] Global test environment tear-down
[==========] 7 tests from 1 test suite ran. (0 ms total)
[  PASSED  ] 7 tests.
GC|region|active=0|total_allocated=0
<end of output>
Test time =   0.02 sec
----------------------------------------------------------
Test Passed.
"test_bootstrap_smoke" end time: May 21 21:18 China Standard Time
"test_bootstrap_smoke" time elapsed: 00:00:00
----------------------------------------------------------

14/73 Testing: test_bootstrap_stress
14/73 Test: test_bootstrap_stress
Command: "D:/agent/booming-il2cpp/build/testing/bootstrap/RelWithDebInfo/test_bootstrap_stress.exe"
Directory: D:/agent/booming-il2cpp/build/testing/bootstrap
"test_bootstrap_stress" start time: May 21 21:18 China Standard Time
Output:
----------------------------------------------------------
Running main() from D:\agent\booming-il2cpp\build\testing\_deps\googletest-src\googletest\src\gtest_main.cc
[==========] Running 1 test from 1 test suite.
[----------] Global test environment set-up.
[----------] 1 test from BootstrapStress
[ RUN      ] BootstrapStress.ConcurrentPreInitCalls
[       OK ] BootstrapStress.ConcurrentPreInitCalls (1 ms)
[----------] 1 test from BootstrapStress (1 ms total)

[----------] Global test environment tear-down
[==========] 1 test from 1 test suite ran. (1 ms total)
[  PASSED  ] 1 test.
GC|region|active=0|total_allocated=0
<end of output>
Test time =   0.02 sec
----------------------------------------------------------
Test Passed.
"test_bootstrap_stress" end time: May 21 21:18 China Standard Time
"test_bootstrap_stress" time elapsed: 00:00:00
----------------------------------------------------------

72/73 Testing: test_synchronization_smoke
72/73 Test: test_synchronization_smoke
Command: "D:/agent/booming-il2cpp/build/testing/runtime-core/threading/RelWithDebInfo/test_synchronization_smoke.exe"
Directory: D:/agent/booming-il2cpp/build/testing/runtime-core/threading
"test_synchronization_smoke" start time: May 21 21:18 China Standard Time
Output:
----------------------------------------------------------
Running main() from D:\agent\booming-il2cpp\build\testing\_deps\googletest-src\googletest\src\gtest_main.cc
[==========] Running 12 tests from 1 test suite.
[----------] Global test environment set-up.
[----------] 12 tests from SynchronizationSmoke
[ RUN      ] SynchronizationSmoke.SemaphoreCreateDestroy
[       OK ] SynchronizationSmoke.SemaphoreCreateDestroy (0 ms)
[ RUN      ] SynchronizationSmoke.SemaphoreWaitRelease
[       OK ] SynchronizationSmoke.SemaphoreWaitRelease (0 ms)
[ RUN      ] SynchronizationSmoke.SemaphoreMultiThread
[       OK ] SynchronizationSmoke.SemaphoreMultiThread (207 ms)
[ RUN      ] SynchronizationSmoke.RWLockBasic
[       OK ] SynchronizationSmoke.RWLockBasic (0 ms)
[ RUN      ] SynchronizationSmoke.RWLockExclusion
[       OK ] SynchronizationSmoke.RWLockExclusion (0 ms)
[ RUN      ] SynchronizationSmoke.RWLockDestroy
[       OK ] SynchronizationSmoke.RWLockDestroy (0 ms)
[ RUN      ] SynchronizationSmoke.ManualResetBasic
[       OK ] SynchronizationSmoke.ManualResetBasic (0 ms)
[ RUN      ] SynchronizationSmoke.AutoResetBasic
[       OK ] SynchronizationSmoke.AutoResetBasic (0 ms)
[ RUN      ] SynchronizationSmoke.WaitAny
[       OK ] SynchronizationSmoke.WaitAny (0 ms)
[ RUN      ] SynchronizationSmoke.WaitAll
[       OK ] SynchronizationSmoke.WaitAll (0 ms)
[ RUN      ] SynchronizationSmoke.TimerOneShot
[       OK ] SynchronizationSmoke.TimerOneShot (106 ms)
[ RUN      ] SynchronizationSmoke.TimerPeriodic
[       OK ] SynchronizationSmoke.TimerPeriodic (226 ms)
[----------] 12 tests from SynchronizationSmoke (541 ms total)

[----------] Global test environment tear-down
[==========] 12 tests from 1 test suite ran. (541 ms total)
[  PASSED  ] 12 tests.
<end of output>
Test time =   1.16 sec
----------------------------------------------------------
Test Passed.
"test_synchronization_smoke" end time: May 21 21:18 China Standard Time
"test_synchronization_smoke" time elapsed: 00:00:01
----------------------------------------------------------

Unable to find executable: D:/agent/booming-il2cpp/build/testing/engine-bridge/RelWithDebInfo/test_engine_bridge_smoke.exe
16/73 Testing: test_engine_bridge_smoke
16/73 Test: test_engine_bridge_smoke
Command: ""
Directory: D:/agent/booming-il2cpp/build/testing/engine-bridge
"test_engine_bridge_smoke" start time: 
Output:
----------------------------------------------------------
<end of output>
Test time =   0.00 sec
----------------------------------------------------------
Test Passed.
"test_engine_bridge_smoke" end time: May 21 21:18 China Standard Time
"test_engine_bridge_smoke" time elapsed: 00:00:00
----------------------------------------------------------

Unable to find executable: D:/agent/booming-il2cpp/build/testing/engine-bridge/RelWithDebInfo/test_engine_bridge_stress.exe
17/73 Testing: test_engine_bridge_stress
17/73 Test: test_engine_bridge_stress
Command: ""
Directory: D:/agent/booming-il2cpp/build/testing/engine-bridge
"test_engine_bridge_stress" start time: 
Output:
----------------------------------------------------------
<end of output>
Test time =   0.00 sec
----------------------------------------------------------
Test Passed.
"test_engine_bridge_stress" end time: May 21 21:18 China Standard Time
"test_engine_bridge_stress" time elapsed: 00:00:00
----------------------------------------------------------

18/73 Testing: test_method_replacement_smoke
18/73 Test: test_method_replacement_smoke
Command: "D:/agent/booming-il2cpp/build/testing/hot-update/RelWithDebInfo/test_method_replacement_smoke.exe"
Directory: D:/agent/booming-il2cpp/build/testing/hot-update
"test_method_replacement_smoke" start time: May 21 21:18 China Standard Time
Output:
----------------------------------------------------------
Running main() from D:\agent\booming-il2cpp\build\testing\_deps\googletest-src\googletest\src\gtest_main.cc
[==========] Running 1 test from 1 test suite.
[----------] Global test environment set-up.
[----------] 1 test from MethodReplacement
[ RUN      ] MethodReplacement.Smoke
[       OK ] MethodReplacement.Smoke (0 ms)
[----------] 1 test from MethodReplacement (0 ms total)

[----------] Global test environment tear-down
[==========] 1 test from 1 test suite ran. (0 ms total)
[  PASSED  ] 1 test.
GC|region|active=0|total_allocated=0
<end of output>
Test time =   0.02 sec
----------------------------------------------------------
Test Passed.
"test_method_replacement_smoke" end time: May 21 21:18 China Standard Time
"test_method_replacement_smoke" time elapsed: 00:00:00
----------------------------------------------------------

19/73 Testing: test_hotupdate_verification
19/73 Test: test_hotupdate_verification
Command: "D:/agent/booming-il2cpp/build/testing/hot-update/RelWithDebInfo/test_hotupdate_verification.exe"
Directory: D:/agent/booming-il2cpp/build/testing/hot-update
"test_hotupdate_verification" start time: May 21 21:18 China Standard Time
Output:
----------------------------------------------------------
Running main() from D:\agent\booming-il2cpp\build\testing\_deps\googletest-src\googletest\src\gtest_main.cc
[==========] Running 1 test from 1 test suite.
[----------] Global test environment set-up.
[----------] 1 test from HotUpdate_Verification
[ RUN      ] HotUpdate_Verification.FullLifecycle
[2026-05-21T21:18:22][DEBUG][codegen] T4 VEH handler registered
[       OK ] HotUpdate_Verification.FullLifecycle (0 ms)
[----------] 1 test from HotUpdate_Verification (0 ms total)

[----------] Global test environment tear-down
[==========] 1 test from 1 test suite ran. (0 ms total)
[  PASSED  ] 1 test.
GC|region|active=0|total_allocated=0
<end of output>
Test time =   0.02 sec
----------------------------------------------------------
Test Passed.
"test_hotupdate_verification" end time: May 21 21:18 China Standard Time
"test_hotupdate_verification" time elapsed: 00:00:00
----------------------------------------------------------

20/73 Testing: smoke_test
20/73 Test: smoke_test
Command: "D:/agent/booming-il2cpp/build/testing/runtime-core/RelWithDebInfo/smoke_test.exe"
Directory: D:/agent/booming-il2cpp/build/testing/runtime-core
"smoke_test" start time: May 21 21:18 China Standard Time
Output:
----------------------------------------------------------
Running main() from D:\agent\booming-il2cpp\build\testing\_deps\googletest-src\googletest\src\gtest_main.cc
[==========] Running 2 tests from 1 test suite.
[----------] Global test environment set-up.
[----------] 2 tests from Smoke
[ RUN      ] Smoke.BuildPipelineWorks
[       OK ] Smoke.BuildPipelineWorks (0 ms)
[ RUN      ] Smoke.GtestAssertionsWork
[       OK ] Smoke.GtestAssertionsWork (0 ms)
[----------] 2 tests from Smoke (0 ms total)

[----------] Global test environment tear-down
[==========] 2 tests from 1 test suite ran. (0 ms total)
[  PASSED  ] 2 tests.
<end of output>
Test time =   0.01 sec
----------------------------------------------------------
Test Passed.
"smoke_test" end time: May 21 21:18 China Standard Time
"smoke_test" time elapsed: 00:00:00
----------------------------------------------------------

21/73 Testing: capacity_stress_test
21/73 Test: capacity_stress_test
Command: "D:/agent/booming-il2cpp/build/testing/runtime-core/RelWithDebInfo/capacity_stress_test.exe"
Directory: D:/agent/booming-il2cpp/build/testing/runtime-core
"capacity_stress_test" start time: May 21 21:18 China Standard Time
Output:
----------------------------------------------------------
Running main() from D:\agent\booming-il2cpp\build\testing\_deps\googletest-src\googletest\src\gtest_main.cc
[==========] Running 6 tests from 1 test suite.
[----------] Global test environment set-up.
[----------] 6 tests from CapacityStress
[ RUN      ] CapacityStress.ModuleRegistryRegister200Modules
[       OK ] CapacityStress.ModuleRegistryRegister200Modules (0 ms)
[ RUN      ] CapacityStress.MemoryDomainRegister200Domains
[       OK ] CapacityStress.MemoryDomainRegister200Domains (1 ms)
[ RUN      ] CapacityStress.AssemblyManagerSlotAllocation
[       OK ] CapacityStress.AssemblyManagerSlotAllocation (1 ms)
[ RUN      ] CapacityStress.GenericContextRegister200Modules
[       OK ] CapacityStress.GenericContextRegister200Modules (0 ms)
[ RUN      ] CapacityStress.ModuleFreeListRecycling
[       OK ] CapacityStress.ModuleFreeListRecycling (0 ms)
[ RUN      ] CapacityStress.FullLifecycle
[       OK ] CapacityStress.FullLifecycle (1 ms)
[----------] 6 tests from CapacityStress (6 ms total)

[----------] Global test environment tear-down
[==========] 6 tests from 1 test suite ran. (6 ms total)
[  PASSED  ] 6 tests.
GC|region|active=0|total_allocated=0
<end of output>
Test time =   0.03 sec
----------------------------------------------------------
Test Passed.
"capacity_stress_test" end time: May 21 21:18 China Standard Time
"capacity_stress_test" time elapsed: 00:00:00
----------------------------------------------------------

22/73 Testing: exception_sentinel_test
22/73 Test: exception_sentinel_test
Command: "D:/agent/booming-il2cpp/build/testing/runtime-core/RelWithDebInfo/exception_sentinel_test.exe"
Directory: D:/agent/booming-il2cpp/build/testing/runtime-core
"exception_sentinel_test" start time: May 21 21:18 China Standard Time
Output:
----------------------------------------------------------
Running main() from D:\agent\booming-il2cpp\build\testing\_deps\googletest-src\googletest\src\gtest_main.cc
[==========] Running 5 tests from 1 test suite.
[----------] Global test environment set-up.
[----------] 5 tests from ExceptionSentinel
[ RUN      ] ExceptionSentinel.Constants
[       OK ] ExceptionSentinel.Constants (0 ms)
[ RUN      ] ExceptionSentinel.SentinelLessThanZero
[       OK ] ExceptionSentinel.SentinelLessThanZero (0 ms)
[ RUN      ] ExceptionSentinel.SentinelRethrowsPastTypedCatch
D:\agent\booming-il2cpp\testing\src\native\runtime-core\exception_sentinel_test.cpp(115): Skipped
Requires CHAOS_IL2CPP_EH_CPP_THROW

[  SKIPPED ] ExceptionSentinel.SentinelRethrowsPastTypedCatch (0 ms)
[ RUN      ] ExceptionSentinel.NormalExceptionCaughtByTypedHandler
D:\agent\booming-il2cpp\testing\src\native\runtime-core\exception_sentinel_test.cpp(120): Skipped
Requires CHAOS_IL2CPP_EH_CPP_THROW

[  SKIPPED ] ExceptionSentinel.NormalExceptionCaughtByTypedHandler (0 ms)
[ RUN      ] ExceptionSentinel.RaiseExceptionCompiles
D:\agent\booming-il2cpp\testing\src\native\runtime-core\exception_sentinel_test.cpp(125): Skipped
Requires CHAOS_IL2CPP_EH_CPP_THROW

[  SKIPPED ] ExceptionSentinel.RaiseExceptionCompiles (0 ms)
[----------] 5 tests from ExceptionSentinel (0 ms total)

[----------] Global test environment tear-down
[==========] 5 tests from 1 test suite ran. (0 ms total)
[  PASSED  ] 2 tests.
[  SKIPPED ] 3 tests, listed below:
[  SKIPPED ] ExceptionSentinel.SentinelRethrowsPastTypedCatch
[  SKIPPED ] ExceptionSentinel.NormalExceptionCaughtByTypedHandler
[  SKIPPED ] ExceptionSentinel.RaiseExceptionCompiles
<end of output>
Test time =   0.01 sec
----------------------------------------------------------
Test Passed.
"exception_sentinel_test" end time: May 21 21:18 China Standard Time
"exception_sentinel_test" time elapsed: 00:00:00
----------------------------------------------------------

23/73 Testing: method_aot_map_test
23/73 Test: method_aot_map_test
Command: "D:/agent/booming-il2cpp/build/testing/runtime-core/RelWithDebInfo/method_aot_map_test.exe"
Directory: D:/agent/booming-il2cpp/build/testing/runtime-core
"method_aot_map_test" start time: May 21 21:18 China Standard Time
Output:
----------------------------------------------------------
Running main() from D:\agent\booming-il2cpp\build\testing\_deps\googletest-src\googletest\src\gtest_main.cc
[==========] Running 8 tests from 1 test suite.
[----------] Global test environment set-up.
[----------] 8 tests from MethodAotMapTest
[ RUN      ] MethodAotMapTest.HitMInt32
[       OK ] MethodAotMapTest.HitMInt32 (0 ms)
[ RUN      ] MethodAotMapTest.HitMString
[       OK ] MethodAotMapTest.HitMString (0 ms)
[ RUN      ] MethodAotMapTest.HitNBool
[       OK ] MethodAotMapTest.HitNBool (0 ms)
[ RUN      ] MethodAotMapTest.MissNoEntryForTypeArg
[       OK ] MethodAotMapTest.MissNoEntryForTypeArg (0 ms)
[ RUN      ] MethodAotMapTest.MissUnknownOpenMethod
[       OK ] MethodAotMapTest.MissUnknownOpenMethod (0 ms)
[ RUN      ] MethodAotMapTest.EmptyTableReturnsZero
[       OK ] MethodAotMapTest.EmptyTableReturnsZero (0 ms)
[ RUN      ] MethodAotMapTest.InvalidModuleReturnsZero
[       OK ] MethodAotMapTest.InvalidModuleReturnsZero (0 ms)
[ RUN      ] MethodAotMapTest.WrongArgCountReturnsZero
[       OK ] MethodAotMapTest.WrongArgCountReturnsZero (0 ms)
[----------] 8 tests from MethodAotMapTest (0 ms total)

[----------] Global test environment tear-down
[==========] 8 tests from 1 test suite ran. (0 ms total)
[  PASSED  ] 8 tests.
GC|region|active=0|total_allocated=0
<end of output>
Test time =   0.02 sec
----------------------------------------------------------
Test Passed.
"method_aot_map_test" end time: May 21 21:18 China Standard Time
"method_aot_map_test" time elapsed: 00:00:00
----------------------------------------------------------

24/73 Testing: test_gc_bit_utils
24/73 Test: test_gc_bit_utils
Command: "D:/agent/booming-il2cpp/build/testing/runtime-core/gc/RelWithDebInfo/test_gc_bit_utils.exe"
Directory: D:/agent/booming-il2cpp/build/testing/runtime-core/gc
"test_gc_bit_utils" start time: May 21 21:18 China Standard Time
Output:
----------------------------------------------------------
Running main() from D:\agent\booming-il2cpp\build\testing\_deps\googletest-src\googletest\src\gtest_main.cc
[==========] Running 11 tests from 1 test suite.
[----------] Global test environment set-up.
[----------] 11 tests from GcBitUtils
[ RUN      ] GcBitUtils.Ctz64_ZeroReturns64
[       OK ] GcBitUtils.Ctz64_ZeroReturns64 (0 ms)
[ RUN      ] GcBitUtils.Ctz64_PowersOfTwo
[       OK ] GcBitUtils.Ctz64_PowersOfTwo (0 ms)
[ RUN      ] GcBitUtils.Ctz64_AllBitsSet
[       OK ] GcBitUtils.Ctz64_AllBitsSet (0 ms)
[ RUN      ] GcBitUtils.PopCount64
[       OK ] GcBitUtils.PopCount64 (0 ms)
[ RUN      ] GcBitUtils.ForEachSetBit_SingleBit
[       OK ] GcBitUtils.ForEachSetBit_SingleBit (0 ms)
[ RUN      ] GcBitUtils.ForEachSetBit_MultipleBits
[       OK ] GcBitUtils.ForEachSetBit_MultipleBits (0 ms)
[ RUN      ] GcBitUtils.ForEachSetBit_NoBits
[       OK ] GcBitUtils.ForEachSetBit_NoBits (0 ms)
[ RUN      ] GcBitUtils.ForEachSetBit_AllBits
[       OK ] GcBitUtils.ForEachSetBit_AllBits (0 ms)
[ RUN      ] GcBitUtils.ForEachZeroBit_OneZero
[       OK ] GcBitUtils.ForEachZeroBit_OneZero (0 ms)
[ RUN      ] GcBitUtils.ForEachZeroBit_HalfZero
[       OK ] GcBitUtils.ForEachZeroBit_HalfZero (0 ms)
[ RUN      ] GcBitUtils.ForEachZeroBit_AllZero
[       OK ] GcBitUtils.ForEachZeroBit_AllZero (0 ms)
[----------] 11 tests from GcBitUtils (0 ms total)

[----------] Global test environment tear-down
[==========] 11 tests from 1 test suite ran. (0 ms total)
[  PASSED  ] 11 tests.
<end of output>
Test time =   0.02 sec
----------------------------------------------------------
Test Passed.
"test_gc_bit_utils" end time: May 21 21:18 China Standard Time
"test_gc_bit_utils" time elapsed: 00:00:00
----------------------------------------------------------

25/73 Testing: test_gc_bump_cache
25/73 Test: test_gc_bump_cache
Command: "D:/agent/booming-il2cpp/build/testing/runtime-core/gc/RelWithDebInfo/test_gc_bump_cache.exe"
Directory: D:/agent/booming-il2cpp/build/testing/runtime-core/gc
"test_gc_bump_cache" start time: May 21 21:18 China Standard Time
Output:
----------------------------------------------------------
Running main() from D:\agent\booming-il2cpp\build\testing\_deps\googletest-src\googletest\src\gtest_main.cc
[==========] Running 6 tests from 1 test suite.
[----------] Global test environment set-up.
[----------] 6 tests from GcBumpCache
[ RUN      ] GcBumpCache.SizeClassHit
[2026-05-21T21:18:22][INFO][NUMA] numa_init count=%d
[2026-05-21T21:18:22][INFO][OldGen] init initial_pages=8 numa_nodes=1
[2026-05-21T21:18:22][INFO][OldGen] init done base=0x3139648028672 pages=8
[       OK ] GcBumpCache.SizeClassHit (1 ms)
[ RUN      ] GcBumpCache.SizeClassMiss
[2026-05-21T21:18:22][DEBUG][GcBumpCache] size_class_miss
[       OK ] GcBumpCache.SizeClassMiss (0 ms)
[ RUN      ] GcBumpCache.AtomicVsScan
[       OK ] GcBumpCache.AtomicVsScan (0 ms)
[ RUN      ] GcBumpCache.Oversized
[       OK ] GcBumpCache.Oversized (0 ms)
[ RUN      ] GcBumpCache.MultipleSizes
[       OK ] GcBumpCache.MultipleSizes (0 ms)
[ RUN      ] GcBumpCache.DumpCounters
ALLOC|size_class=16|hits=1|misses=1|bytes=32
ALLOC|size_class=32|hits=0|misses=1|bytes=32
ALLOC|oversized|count=1|bytes=32776
ALLOC|total|hits=1|misses=2|bytes=64|hit_rate=33.33%
[       OK ] GcBumpCache.DumpCounters (0 ms)
[----------] 6 tests from GcBumpCache (1 ms total)

[----------] Global test environment tear-down
[==========] 6 tests from 1 test suite ran. (2 ms total)
[  PASSED  ] 6 tests.
GC|alloc|total=9|bytes=524416|oversized=9
GC|region|active=0|total_allocated=0
<end of output>
Test time =   0.02 sec
----------------------------------------------------------
Test Passed.
"test_gc_bump_cache" end time: May 21 21:18 China Standard Time
"test_gc_bump_cache" time elapsed: 00:00:00
----------------------------------------------------------

26/73 Testing: test_gc_layout
26/73 Test: test_gc_layout
Command: "D:/agent/booming-il2cpp/build/testing/runtime-core/gc/RelWithDebInfo/test_gc_layout.exe"
Directory: D:/agent/booming-il2cpp/build/testing/runtime-core/gc
"test_gc_layout" start time: May 21 21:18 China Standard Time
Output:
----------------------------------------------------------
Running main() from D:\agent\booming-il2cpp\build\testing\_deps\googletest-src\googletest\src\gtest_main.cc
[==========] Running 4 tests from 1 test suite.
[----------] Global test environment set-up.
[----------] 4 tests from GcLayout
[ RUN      ] GcLayout.RegisterLookup
[       OK ] GcLayout.RegisterLookup (0 ms)
[ RUN      ] GcLayout.RawAllocType
[       OK ] GcLayout.RawAllocType (0 ms)
[ RUN      ] GcLayout.SentinelInit
[       OK ] GcLayout.SentinelInit (0 ms)
[ RUN      ] GcLayout.InvalidLookup
[       OK ] GcLayout.InvalidLookup (0 ms)
[----------] 4 tests from GcLayout (0 ms total)

[----------] Global test environment tear-down
[==========] 4 tests from 1 test suite ran. (0 ms total)
[  PASSED  ] 4 tests.
GC|region|active=0|total_allocated=0
<end of output>
Test time =   0.02 sec
----------------------------------------------------------
Test Passed.
"test_gc_layout" end time: May 21 21:18 China Standard Time
"test_gc_layout" time elapsed: 00:00:00
----------------------------------------------------------

27/73 Testing: test_gc_region
27/73 Test: test_gc_region
Command: "D:/agent/booming-il2cpp/build/testing/runtime-core/gc/RelWithDebInfo/test_gc_region.exe"
Directory: D:/agent/booming-il2cpp/build/testing/runtime-core/gc
"test_gc_region" start time: May 21 21:18 China Standard Time
Output:
----------------------------------------------------------
Running main() from D:\agent\booming-il2cpp\build\testing\_deps\googletest-src\googletest\src\gtest_main.cc
[==========] Running 18 tests from 2 test suites.
[----------] Global test environment set-up.
[----------] 12 tests from GcRegion
[ RUN      ] GcRegion.KindEnumValues
[       OK ] GcRegion.KindEnumValues (0 ms)
[ RUN      ] GcRegion.RegionIdSentinel
[       OK ] GcRegion.RegionIdSentinel (0 ms)
[ RUN      ] GcRegion.FieldAssignment
[       OK ] GcRegion.FieldAssignment (0 ms)
[ RUN      ] GcRegion.AllocateNurseryRegion
[       OK ] GcRegion.AllocateNurseryRegion (0 ms)
[ RUN      ] GcRegion.AllocateTenuredRegion
[       OK ] GcRegion.AllocateTenuredRegion (0 ms)
[ RUN      ] GcRegion.AllocateDomainRegion
[       OK ] GcRegion.AllocateDomainRegion (0 ms)
[ RUN      ] GcRegion.FreeAndReallocate
[       OK ] GcRegion.FreeAndReallocate (0 ms)
[ RUN      ] GcRegion.ReleaseDomainRegions
[2026-05-21T21:18:22][INFO][CRAG] release_domain id=3 regions=2
[       OK ] GcRegion.ReleaseDomainRegions (0 ms)
[ RUN      ] GcRegion.NurseryAllocateSmallReturnsZeroedMemory
[       OK ] GcRegion.NurseryAllocateSmallReturnsZeroedMemory (0 ms)
[ RUN      ] GcRegion.NurseryAllocateConsecutiveNoOverlap
[       OK ] GcRegion.NurseryAllocateConsecutiveNoOverlap (0 ms)
[ RUN      ] GcRegion.NurseryAllocateAlignment
[       OK ] GcRegion.NurseryAllocateAlignment (0 ms)
[ RUN      ] GcRegion.NurseryAllocateOversizedBypasses
[2026-05-21T21:18:22][INFO][CRAG] young_collection nursery=[0x20220050038, 0x20220060038) usage=65536
[2026-05-21T21:18:22][DEBUG][CRAG] young_collection_skip_phase2 no_typed_objects
[2026-05-21T21:18:22][INFO][CRAG] young trace promoted=0 prom_bytes=0 reclaimed=65536 cards=0 total_us=52 p1_us=11 p2_us=0 p2b_us=0 p3_us=31 p3b_us=5 p4_us=3
[2026-05-21T21:18:22][INFO][NUMA] numa_init count=%d
[2026-05-21T21:18:22][INFO][OldGen] init initial_pages=8 numa_nodes=1
[2026-05-21T21:18:22][INFO][OldGen] init done base=0x2208171819008 pages=8
[       OK ] GcRegion.NurseryAllocateOversizedBypasses (0 ms)
[----------] 12 tests from GcRegion (1 ms total)

[----------] 6 tests from CardTableTest
[ RUN      ] CardTableTest.DirtyAndIsDirty
[       OK ] CardTableTest.DirtyAndIsDirty (0 ms)
[ RUN      ] CardTableTest.ClearCard
[       OK ] CardTableTest.ClearCard (0 ms)
[ RUN      ] CardTableTest.ClearAllCards
[       OK ] CardTableTest.ClearAllCards (0 ms)
[ RUN      ] CardTableTest.ScanDirtyCardsFindsDirty
[       OK ] CardTableTest.ScanDirtyCardsFindsDirty (0 ms)
[ RUN      ] CardTableTest.ScanDirtyCardsEmptyRange
[       OK ] CardTableTest.ScanDirtyCardsEmptyRange (0 ms)
[ RUN      ] CardTableTest.DirtyCardOutOfRangeIsSafe
[       OK ] CardTableTest.DirtyCardOutOfRangeIsSafe (0 ms)
[----------] 6 tests from CardTableTest (0 ms total)

[----------] Global test environment tear-down
[==========] 18 tests from 2 test suites ran. (1 ms total)
[  PASSED  ] 18 tests.
GC|young|collections=1|promoted_objects=0|promoted_bytes=0|reclaimed=65536|cards=0|total_pause_ns=52600|avg_pause_ns=52600
GC|alloc|total=1|bytes=32776|oversized=1
GC|region|active=6|total_allocated=19005440
<end of output>
Test time =   0.02 sec
----------------------------------------------------------
Test Passed.
"test_gc_region" end time: May 21 21:18 China Standard Time
"test_gc_region" time elapsed: 00:00:00
----------------------------------------------------------

28/73 Testing: test_gc_card_table_ext
28/73 Test: test_gc_card_table_ext
Command: "D:/agent/booming-il2cpp/build/testing/runtime-core/gc/RelWithDebInfo/test_gc_card_table_ext.exe"
Directory: D:/agent/booming-il2cpp/build/testing/runtime-core/gc
"test_gc_card_table_ext" start time: May 21 21:18 China Standard Time
Output:
----------------------------------------------------------
Running main() from D:\agent\booming-il2cpp\build\testing\_deps\googletest-src\googletest\src\gtest_main.cc
[==========] Running 5 tests from 1 test suite.
[----------] Global test environment set-up.
[----------] 5 tests from GcCardTableExt
[ RUN      ] GcCardTableExt.OverlappingRange
[       OK ] GcCardTableExt.OverlappingRange (0 ms)
[ RUN      ] GcCardTableExt.DirtyAtBoundary
[       OK ] GcCardTableExt.DirtyAtBoundary (0 ms)
[ RUN      ] GcCardTableExt.ClearAllCardsMany
[       OK ] GcCardTableExt.ClearAllCardsMany (0 ms)
[ RUN      ] GcCardTableExt.ScanDirtyEmpty
[       OK ] GcCardTableExt.ScanDirtyEmpty (0 ms)
[ RUN      ] GcCardTableExt.ScanDirtyPartial
[       OK ] GcCardTableExt.ScanDirtyPartial (0 ms)
[----------] 5 tests from GcCardTableExt (0 ms total)

[----------] Global test environment tear-down
[==========] 5 tests from 1 test suite ran. (0 ms total)
[  PASSED  ] 5 tests.
<end of output>
Test time =   0.01 sec
----------------------------------------------------------
Test Passed.
"test_gc_card_table_ext" end time: May 21 21:18 China Standard Time
"test_gc_card_table_ext" time elapsed: 00:00:00
----------------------------------------------------------

29/73 Testing: test_gc_events
29/73 Test: test_gc_events
Command: "D:/agent/booming-il2cpp/build/testing/runtime-core/gc/RelWithDebInfo/test_gc_events.exe"
Directory: D:/agent/booming-il2cpp/build/testing/runtime-core/gc
"test_gc_events" start time: May 21 21:18 China Standard Time
Output:
----------------------------------------------------------
Running main() from D:\agent\booming-il2cpp\build\testing\_deps\googletest-src\googletest\src\gtest_main.cc
[==========] Running 5 tests from 1 test suite.
[----------] Global test environment set-up.
[----------] 5 tests from GcEvents
[ RUN      ] GcEvents.RegisterFireCallback
[2026-05-21T21:18:22][DEBUG][GcEvents] registered callback 0x7ff75467f1c0 at slot 0
[       OK ] GcEvents.RegisterFireCallback (0 ms)
[ RUN      ] GcEvents.MultipleCallbacks
[2026-05-21T21:18:22][DEBUG][GcEvents] registered callback 0x7ff75467f1a0 at slot 0
[2026-05-21T21:18:22][DEBUG][GcEvents] registered callback 0x7ff75467f1e0 at slot 1
[       OK ] GcEvents.MultipleCallbacks (0 ms)
[ RUN      ] GcEvents.FireMultipleEvents
[2026-05-21T21:18:22][DEBUG][GcEvents] registered callback 0x7ff75467f180 at slot 0
[       OK ] GcEvents.FireMultipleEvents (0 ms)
[ RUN      ] GcEvents.AddRemovePinnedObject
[       OK ] GcEvents.AddRemovePinnedObject (0 ms)
[ RUN      ] GcEvents.SetGetHandleTarget
[       OK ] GcEvents.SetGetHandleTarget (0 ms)
[----------] 5 tests from GcEvents (0 ms total)

[----------] Global test environment tear-down
[==========] 5 tests from 1 test suite ran. (0 ms total)
[  PASSED  ] 5 tests.
GC|region|active=0|total_allocated=0
<end of output>
Test time =   0.02 sec
----------------------------------------------------------
Test Passed.
"test_gc_events" end time: May 21 21:18 China Standard Time
"test_gc_events" time elapsed: 00:00:00
----------------------------------------------------------

30/73 Testing: test_gc_stats
30/73 Test: test_gc_stats
Command: "D:/agent/booming-il2cpp/build/testing/runtime-core/gc/RelWithDebInfo/test_gc_stats.exe"
Directory: D:/agent/booming-il2cpp/build/testing/runtime-core/gc
"test_gc_stats" start time: May 21 21:18 China Standard Time
Output:
----------------------------------------------------------
Running main() from D:\agent\booming-il2cpp\build\testing\_deps\googletest-src\googletest\src\gtest_main.cc
[==========] Running 4 tests from 1 test suite.
[----------] Global test environment set-up.
[----------] 4 tests from GcStats
[ RUN      ] GcStats.RecordAndSnapshot
[       OK ] GcStats.RecordAndSnapshot (0 ms)
[ RUN      ] GcStats.DumpStatsOutput
GC|young|collections=2|promoted_objects=768|promoted_bytes=196608|reclaimed=98304|cards=30|total_pause_ns=2000000|avg_pause_ns=1000000
GC|region|active=0|total_allocated=0
[       OK ] GcStats.DumpStatsOutput (0 ms)
[ RUN      ] GcStats.RecordAlloc
[       OK ] GcStats.RecordAlloc (0 ms)
[ RUN      ] GcStats.MultiThreadRecord
[       OK ] GcStats.MultiThreadRecord (0 ms)
[----------] 4 tests from GcStats (1 ms total)

[----------] Global test environment tear-down
[==========] 4 tests from 1 test suite ran. (1 ms total)
[  PASSED  ] 4 tests.
GC|young|collections=2|promoted_objects=768|promoted_bytes=196608|reclaimed=98304|cards=30|total_pause_ns=2000000|avg_pause_ns=1000000
GC|alloc|total=4003|bytes=205824|oversized=1
GC|region|active=0|total_allocated=0
<end of output>
Test time =   0.02 sec
----------------------------------------------------------
Test Passed.
"test_gc_stats" end time: May 21 21:18 China Standard Time
"test_gc_stats" time elapsed: 00:00:00
----------------------------------------------------------

31/73 Testing: test_gc_scheduler
31/73 Test: test_gc_scheduler
Command: "D:/agent/booming-il2cpp/build/testing/runtime-core/gc/RelWithDebInfo/test_gc_scheduler.exe"
Directory: D:/agent/booming-il2cpp/build/testing/runtime-core/gc
"test_gc_scheduler" start time: May 21 21:18 China Standard Time
Output:
----------------------------------------------------------
Running main() from D:\agent\booming-il2cpp\build\testing\_deps\googletest-src\googletest\src\gtest_main.cc
[==========] Running 8 tests from 1 test suite.
[----------] Global test environment set-up.
[----------] 8 tests from GcScheduler
[ RUN      ] GcScheduler.RecordAndDecide
[       OK ] GcScheduler.RecordAndDecide (0 ms)
[ RUN      ] GcScheduler.LatencyModeRoundTrip
[       OK ] GcScheduler.LatencyModeRoundTrip (0 ms)
[ RUN      ] GcScheduler.CollectionModeRoundTrip
[       OK ] GcScheduler.CollectionModeRoundTrip (0 ms)
[ RUN      ] GcScheduler.RequestFullGc
[       OK ] GcScheduler.RequestFullGc (0 ms)
[ RUN      ] GcScheduler.TryClaimGcSlot
[       OK ] GcScheduler.TryClaimGcSlot (0 ms)
[ RUN      ] GcScheduler.PageCountGrowth
[       OK ] GcScheduler.PageCountGrowth (0 ms)
[ RUN      ] GcScheduler.RecommendedNurserySize
[       OK ] GcScheduler.RecommendedNurserySize (0 ms)
[ RUN      ] GcScheduler.TotalAllocatedSinceLastGC
[       OK ] GcScheduler.TotalAllocatedSinceLastGC (0 ms)
[----------] 8 tests from GcScheduler (0 ms total)

[----------] Global test environment tear-down
[==========] 8 tests from 1 test suite ran. (0 ms total)
[  PASSED  ] 8 tests.
GC|region|active=0|total_allocated=0
<end of output>
Test time =   0.02 sec
----------------------------------------------------------
Test Passed.
"test_gc_scheduler" end time: May 21 21:18 China Standard Time
"test_gc_scheduler" time elapsed: 00:00:00
----------------------------------------------------------

71/73 Testing: test_threading_smoke
71/73 Test: test_threading_smoke
Command: "D:/agent/booming-il2cpp/build/testing/runtime-core/threading/RelWithDebInfo/test_threading_smoke.exe"
Directory: D:/agent/booming-il2cpp/build/testing/runtime-core/threading
"test_threading_smoke" start time: May 21 21:18 China Standard Time
Output:
----------------------------------------------------------
Running main() from D:\agent\booming-il2cpp\build\testing\_deps\googletest-src\googletest\src\gtest_main.cc
[==========] Running 13 tests from 1 test suite.
[----------] Global test environment set-up.
[----------] 13 tests from ThreadingSmoke
[ RUN      ] ThreadingSmoke.MainThreadIdentity
[       OK ] ThreadingSmoke.MainThreadIdentity (0 ms)
[ RUN      ] ThreadingSmoke.ThreadRegister
[       OK ] ThreadingSmoke.ThreadRegister (0 ms)
[ RUN      ] ThreadingSmoke.ThreadEnumeration
[       OK ] ThreadingSmoke.ThreadEnumeration (0 ms)
[ RUN      ] ThreadingSmoke.ThreadPoolBasic
[       OK ] ThreadingSmoke.ThreadPoolBasic (514 ms)
[ RUN      ] ThreadingSmoke.ThreadPoolScaling
[       OK ] ThreadingSmoke.ThreadPoolScaling (503 ms)
[ RUN      ] ThreadingSmoke.ThreadState
[       OK ] ThreadingSmoke.ThreadState (0 ms)
[ RUN      ] ThreadingSmoke.ThreadPriority
[       OK ] ThreadingSmoke.ThreadPriority (0 ms)
[ RUN      ] ThreadingSmoke.ThreadIsThreadPool
[       OK ] ThreadingSmoke.ThreadIsThreadPool (0 ms)
[ RUN      ] ThreadingSmoke.ThreadAbortFlag
[       OK ] ThreadingSmoke.ThreadAbortFlag (0 ms)
[ RUN      ] ThreadingSmoke.ThreadInterruptFlag
[       OK ] ThreadingSmoke.ThreadInterruptFlag (0 ms)
[ RUN      ] ThreadingSmoke.ThreadYield
[       OK ] ThreadingSmoke.ThreadYield (0 ms)
[ RUN      ] ThreadingSmoke.ThreadSleep
[       OK ] ThreadingSmoke.ThreadSleep (14 ms)
[ RUN      ] ThreadingSmoke.ThreadBackground
[       OK ] ThreadingSmoke.ThreadBackground (0 ms)
[----------] 13 tests from ThreadingSmoke (1034 ms total)

[----------] Global test environment tear-down
[==========] 13 tests from 1 test suite ran. (1034 ms total)
[  PASSED  ] 13 tests.
<end of output>
Test time =   1.47 sec
----------------------------------------------------------
Test Passed.
"test_threading_smoke" end time: May 21 21:18 China Standard Time
"test_threading_smoke" time elapsed: 00:00:01
----------------------------------------------------------

32/73 Testing: test_gc_memory_domain
32/73 Test: test_gc_memory_domain
Command: "D:/agent/booming-il2cpp/build/testing/runtime-core/gc/RelWithDebInfo/test_gc_memory_domain.exe"
Directory: D:/agent/booming-il2cpp/build/testing/runtime-core/gc
"test_gc_memory_domain" start time: May 21 21:18 China Standard Time
Output:
----------------------------------------------------------
Running main() from D:\agent\booming-il2cpp\build\testing\_deps\googletest-src\googletest\src\gtest_main.cc
[==========] Running 11 tests from 1 test suite.
[----------] Global test environment set-up.
[----------] 11 tests from MemoryDomain
[ RUN      ] MemoryDomain.RegisterAndFind
[       OK ] MemoryDomain.RegisterAndFind (0 ms)
[ RUN      ] MemoryDomain.FindNonexistent
[       OK ] MemoryDomain.FindNonexistent (0 ms)
[ RUN      ] MemoryDomain.DomainScope
[       OK ] MemoryDomain.DomainScope (0 ms)
[ RUN      ] MemoryDomain.AllocateAndFree
[       OK ] MemoryDomain.AllocateAndFree (0 ms)
[ RUN      ] MemoryDomain.DirectAllocateTagged
[       OK ] MemoryDomain.DirectAllocateTagged (0 ms)
[ RUN      ] MemoryDomain.ReallocatePreservesTag
[       OK ] MemoryDomain.ReallocatePreservesTag (0 ms)
[ RUN      ] MemoryDomain.ReallocateNullptr
[       OK ] MemoryDomain.ReallocateNullptr (0 ms)
[ RUN      ] MemoryDomain.UsageLimit
[2026-05-21T21:18:22][WARN][MemoryDomain] allocation of 4104 bytes would exceed limit 256
[       OK ] MemoryDomain.UsageLimit (0 ms)
[ RUN      ] MemoryDomain.AllocateAfterUnload
[       OK ] MemoryDomain.AllocateAfterUnload (0 ms)
[ RUN      ] MemoryDomain.FreeNullptr
[       OK ] MemoryDomain.FreeNullptr (0 ms)
[ RUN      ] MemoryDomain.MultiDomain
[       OK ] MemoryDomain.MultiDomain (0 ms)
[----------] 11 tests from MemoryDomain (1 ms total)

[----------] Global test environment tear-down
[==========] 11 tests from 1 test suite ran. (1 ms total)
[  PASSED  ] 11 tests.
<end of output>
Test time =   0.02 sec
----------------------------------------------------------
Test Passed.
"test_gc_memory_domain" end time: May 21 21:18 China Standard Time
"test_gc_memory_domain" time elapsed: 00:00:00
----------------------------------------------------------

33/73 Testing: test_gc_root_scanner
33/73 Test: test_gc_root_scanner
Command: "D:/agent/booming-il2cpp/build/testing/runtime-core/gc/RelWithDebInfo/test_gc_root_scanner.exe"
Directory: D:/agent/booming-il2cpp/build/testing/runtime-core/gc
"test_gc_root_scanner" start time: May 21 21:18 China Standard Time
Output:
----------------------------------------------------------
Running main() from D:\agent\booming-il2cpp\build\testing\_deps\googletest-src\googletest\src\gtest_main.cc
[==========] Running 6 tests from 1 test suite.
[----------] Global test environment set-up.
[----------] 6 tests from GcRootScanner
[ RUN      ] GcRootScanner.SlotMapLayout
[       OK ] GcRootScanner.SlotMapLayout (0 ms)
[ RUN      ] GcRootScanner.Registry
[       OK ] GcRootScanner.Registry (0 ms)
[ RUN      ] GcRootScanner.PreciseScan
[       OK ] GcRootScanner.PreciseScan (0 ms)
[ RUN      ] GcRootScanner.ConservativeScan
[       OK ] GcRootScanner.ConservativeScan (0 ms)
[ RUN      ] GcRootScanner.HybridScanPrecisePath
[       OK ] GcRootScanner.HybridScanPrecisePath (0 ms)
[ RUN      ] GcRootScanner.HybridScanConservativeFallback
[2026-05-21T21:18:22][DEBUG][CRAG] conservative_scan_fallback
[       OK ] GcRootScanner.HybridScanConservativeFallback (0 ms)
[----------] 6 tests from GcRootScanner (0 ms total)

[----------] Global test environment tear-down
[==========] 6 tests from 1 test suite ran. (0 ms total)
[  PASSED  ] 6 tests.
<end of output>
Test time =   0.07 sec
----------------------------------------------------------
Test Passed.
"test_gc_root_scanner" end time: May 21 21:18 China Standard Time
"test_gc_root_scanner" time elapsed: 00:00:00
----------------------------------------------------------

34/73 Testing: test_gc_handle
34/73 Test: test_gc_handle
Command: "D:/agent/booming-il2cpp/build/testing/runtime-core/gc/RelWithDebInfo/test_gc_handle.exe"
Directory: D:/agent/booming-il2cpp/build/testing/runtime-core/gc
"test_gc_handle" start time: May 21 21:18 China Standard Time
Output:
----------------------------------------------------------
Running main() from D:\agent\booming-il2cpp\build\testing\_deps\googletest-src\googletest\src\gtest_main.cc
[==========] Running 10 tests from 1 test suite.
[----------] Global test environment set-up.
[----------] 10 tests from GcHandleTest
[ RUN      ] GcHandleTest.StrongHandle
[2026-05-21T21:18:22][INFO][NUMA] numa_init count=%d
[2026-05-21T21:18:22][INFO][OldGen] init initial_pages=8 numa_nodes=1
[2026-05-21T21:18:22][INFO][OldGen] init done base=0x2455247781888 pages=8
[2026-05-21T21:18:22][INFO][OldGen] collect_start page_count=8
[2026-05-21T21:18:22][INFO][OldGen] collect_done reclaimed=524288 pause_ns=193200
[2026-05-21T21:18:22][INFO][OldGen] collect_start page_count=0
[2026-05-21T21:18:22][INFO][OldGen] collect_done reclaimed=0 pause_ns=20700
[2026-05-21T21:18:22][INFO][OldGen] collect_start page_count=0
[2026-05-21T21:18:22][INFO][OldGen] collect_done reclaimed=0 pause_ns=17800
[       OK ] GcHandleTest.StrongHandle (1 ms)
[ RUN      ] GcHandleTest.WeakHandle
[2026-05-21T21:18:22][INFO][OldGen] collect_start page_count=1
[2026-05-21T21:18:22][INFO][OldGen] collect_done reclaimed=65536 pause_ns=28200
[2026-05-21T21:18:22][INFO][OldGen] collect_start page_count=0
[2026-05-21T21:18:22][INFO][OldGen] collect_done reclaimed=0 pause_ns=15800
[2026-05-21T21:18:22][INFO][OldGen] collect_start page_count=0
[2026-05-21T21:18:22][INFO][OldGen] collect_done reclaimed=0 pause_ns=32300
[       OK ] GcHandleTest.WeakHandle (0 ms)
[ RUN      ] GcHandleTest.PinnedHandle
[2026-05-21T21:18:22][INFO][OldGen] collect_start page_count=1
[2026-05-21T21:18:22][INFO][OldGen] collect_done reclaimed=65536 pause_ns=25600
[2026-05-21T21:18:22][INFO][OldGen] collect_start page_count=0
[2026-05-21T21:18:22][INFO][OldGen] collect_done reclaimed=0 pause_ns=14900
[2026-05-21T21:18:22][INFO][OldGen] collect_start page_count=0
[2026-05-21T21:18:22][INFO][OldGen] collect_done reclaimed=0 pause_ns=14100
[       OK ] GcHandleTest.PinnedHandle (0 ms)
[ RUN      ] GcHandleTest.DependentHandle
[2026-05-21T21:18:22][INFO][OldGen] collect_start page_count=1
[2026-05-21T21:18:22][INFO][OldGen] collect_done reclaimed=65536 pause_ns=40400
[2026-05-21T21:18:22][INFO][OldGen] collect_start page_count=0
[2026-05-21T21:18:22][INFO][OldGen] collect_done reclaimed=0 pause_ns=17300
[2026-05-21T21:18:22][INFO][OldGen] collect_start page_count=0
[2026-05-21T21:18:22][INFO][OldGen] collect_done reclaimed=0 pause_ns=15700
[       OK ] GcHandleTest.DependentHandle (0 ms)
[ RUN      ] GcHandleTest.SetSecondary
[2026-05-21T21:18:22][INFO][OldGen] collect_start page_count=1
[2026-05-21T21:18:22][INFO][OldGen] collect_done reclaimed=65280 pause_ns=38200
[2026-05-21T21:18:22][INFO][OldGen] collect_start page_count=1
[2026-05-21T21:18:22][INFO][OldGen] collect_done reclaimed=65280 pause_ns=34900
[2026-05-21T21:18:22][INFO][OldGen] collect_start page_count=1
[2026-05-21T21:18:22][INFO][OldGen] collect_done reclaimed=65536 pause_ns=38100
[       OK ] GcHandleTest.SetSecondary (0 ms)
[ RUN      ] GcHandleTest.HandleFree
[       OK ] GcHandleTest.HandleFree (0 ms)
[ RUN      ] GcHandleTest.ConcurrentStrongHandles
[       OK ] GcHandleTest.ConcurrentStrongHandles (0 ms)
[ RUN      ] GcHandleTest.ConcurrentWeakHandles
[       OK ] GcHandleTest.ConcurrentWeakHandles (0 ms)
[ RUN      ] GcHandleTest.ConcurrentPinnedHandles
[       OK ] GcHandleTest.ConcurrentPinnedHandles (0 ms)
[ RUN      ] GcHandleTest.HandleTableGrowth
[       OK ] GcHandleTest.HandleTableGrowth (0 ms)
[----------] 10 tests from GcHandleTest (4 ms total)

[----------] Global test environment tear-down
[==========] 10 tests from 1 test suite ran. (5 ms total)
[  PASSED  ] 10 tests.
GC|full|collections=15|pages=2|marked=2|reclaimed=916992|finalizers=0|total_pause_ns=547200|avg_pause_ns=36480
GC|alloc|total=12|bytes=592|oversized=0
GC|region|active=20|total_allocated=335544320
<end of output>
Test time =   0.08 sec
----------------------------------------------------------
Test Passed.
"test_gc_handle" end time: May 21 21:18 China Standard Time
"test_gc_handle" time elapsed: 00:00:00
----------------------------------------------------------

35/73 Testing: test_gc_poh
35/73 Test: test_gc_poh
Command: "D:/agent/booming-il2cpp/build/testing/runtime-core/gc/RelWithDebInfo/test_gc_poh.exe"
Directory: D:/agent/booming-il2cpp/build/testing/runtime-core/gc
"test_gc_poh" start time: May 21 21:18 China Standard Time
Output:
----------------------------------------------------------
Running main() from D:\agent\booming-il2cpp\build\testing\_deps\googletest-src\googletest\src\gtest_main.cc
[==========] Running 9 tests from 1 test suite.
[----------] Global test environment set-up.
[----------] 9 tests from GcPohTest
[ RUN      ] GcPohTest.BasicAlloc
[2026-05-21T21:18:22][INFO][NUMA] numa_init count=%d
[2026-05-21T21:18:22][INFO][OldGen] init initial_pages=8 numa_nodes=1
[2026-05-21T21:18:22][INFO][OldGen] init done base=0x1693878910976 pages=8
[       OK ] GcPohTest.BasicAlloc (1 ms)
[ RUN      ] GcPohTest.RegionOverflow
[       OK ] GcPohTest.RegionOverflow (0 ms)
[ RUN      ] GcPohTest.StrongHandle
[       OK ] GcPohTest.StrongHandle (0 ms)
[ RUN      ] GcPohTest.WeakHandle
[       OK ] GcPohTest.WeakHandle (0 ms)
[ RUN      ] GcPohTest.AddressStability
[       OK ] GcPohTest.AddressStability (0 ms)
[ RUN      ] GcPohTest.OversizedFallback
[2026-05-21T21:18:22][DEBUG][CRAG] poh_oversized
[       OK ] GcPohTest.OversizedFallback (0 ms)
[ RUN      ] GcPohTest.ConcurrentAlloc
[       OK ] GcPohTest.ConcurrentAlloc (1 ms)
[ RUN      ] GcPohTest.FullGcPressure
[       OK ] GcPohTest.FullGcPressure (0 ms)
[ RUN      ] GcPohTest.OversizedBoundary
[2026-05-21T21:18:22][DEBUG][CRAG] poh_oversized
[2026-05-21T21:18:22][DEBUG][CRAG] poh_oversized
[       OK ] GcPohTest.OversizedBoundary (0 ms)
[----------] 9 tests from GcPohTest (4 ms total)

[----------] Global test environment tear-down
[==========] 9 tests from 1 test suite ran. (4 ms total)
[  PASSED  ] 9 tests.
GC|alloc|total=12|bytes=305232|oversized=3
GC|region|active=26|total_allocated=302514176
<end of output>
Test time =   0.03 sec
----------------------------------------------------------
Test Passed.
"test_gc_poh" end time: May 21 21:18 China Standard Time
"test_gc_poh" time elapsed: 00:00:00
----------------------------------------------------------

37/73 Testing: test_gc_tlab
37/73 Test: test_gc_tlab
Command: "D:/agent/booming-il2cpp/build/testing/runtime-core/gc/RelWithDebInfo/test_gc_tlab.exe"
Directory: D:/agent/booming-il2cpp/build/testing/runtime-core/gc
"test_gc_tlab" start time: May 21 21:18 China Standard Time
Output:
----------------------------------------------------------
Running main() from D:\agent\booming-il2cpp\build\testing\_deps\googletest-src\googletest\src\gtest_main.cc
[==========] Running 4 tests from 1 test suite.
[----------] Global test environment set-up.
[----------] 4 tests from GcTlab
[ RUN      ] GcTlab.ClaimFromYoungGen
[       OK ] GcTlab.ClaimFromYoungGen (0 ms)
[ RUN      ] GcTlab.FlushCounter
[       OK ] GcTlab.FlushCounter (0 ms)
[ RUN      ] GcTlab.InitDestroy
[       OK ] GcTlab.InitDestroy (0 ms)
[ RUN      ] GcTlab.ExhaustionFallback
[       OK ] GcTlab.ExhaustionFallback (0 ms)
[----------] 4 tests from GcTlab (0 ms total)

[----------] Global test environment tear-down
[==========] 4 tests from 1 test suite ran. (0 ms total)
[  PASSED  ] 4 tests.
GC|region|active=4|total_allocated=67108864
<end of output>
Test time =   0.02 sec
----------------------------------------------------------
Test Passed.
"test_gc_tlab" end time: May 21 21:18 China Standard Time
"test_gc_tlab" time elapsed: 00:00:00
----------------------------------------------------------

38/73 Testing: test_gc_young_collector
38/73 Test: test_gc_young_collector
Command: "D:/agent/booming-il2cpp/build/testing/runtime-core/gc/RelWithDebInfo/test_gc_young_collector.exe"
Directory: D:/agent/booming-il2cpp/build/testing/runtime-core/gc
"test_gc_young_collector" start time: May 21 21:18 China Standard Time
Output:
----------------------------------------------------------
Running main() from D:\agent\booming-il2cpp\build\testing\_deps\googletest-src\googletest\src\gtest_main.cc
[==========] Running 6 tests from 1 test suite.
[----------] Global test environment set-up.
[----------] 6 tests from YoungCollectorTest
[ RUN      ] YoungCollectorTest.ForwardingProtocol
[2026-05-21T21:18:22][INFO][NUMA] numa_init count=%d
[2026-05-21T21:18:22][INFO][OldGen] init initial_pages=8 numa_nodes=1
[2026-05-21T21:18:22][INFO][OldGen] init done base=0x1480302264320 pages=8
[       OK ] YoungCollectorTest.ForwardingProtocol (1 ms)
[ RUN      ] YoungCollectorTest.IsInNursery
[       OK ] YoungCollectorTest.IsInNursery (0 ms)
[ RUN      ] YoungCollectorTest.ScavengeObject
[2026-05-21T21:18:22][DEBUG][CRAG] scavenge_object
[       OK ] YoungCollectorTest.ScavengeObject (0 ms)
[ RUN      ] YoungCollectorTest.YoungCollectionEmpty
[2026-05-21T21:18:22][INFO][CRAG] young_collection nursery=[0x158b05b0038, 0x158b15b0038) usage=65536
[2026-05-21T21:18:22][DEBUG][CRAG] young_collection_skip_phase2 no_typed_objects
[2026-05-21T21:18:22][INFO][CRAG] young trace promoted=0 prom_bytes=0 reclaimed=65536 cards=0 total_us=26 p1_us=5 p2_us=0 p2b_us=0 p3_us=3 p3b_us=2 p4_us=15
[2026-05-21T21:18:22][INFO][CRAG] young_collection nursery=[0x158b05b0038, 0x158b15b0038) usage=0
[2026-05-21T21:18:22][DEBUG][CRAG] young_collection_skip_phase2 no_typed_objects
[2026-05-21T21:18:22][INFO][CRAG] young trace promoted=0 prom_bytes=0 reclaimed=0 cards=0 total_us=5 p1_us=0 p2_us=0 p2b_us=0 p3_us=0 p3b_us=0 p4_us=4
[2026-05-21T21:18:22][DEBUG][CRAG] scavenge_object
[       OK ] YoungCollectorTest.YoungCollectionEmpty (0 ms)
[ RUN      ] YoungCollectorTest.CollectionWithDirtyCard
D:\agent\booming-il2cpp\testing\src\native\runtime-core\gc\gc_young_collector_test.cpp(165): Skipped
No address overlap, testing via conservative sweep

[  SKIPPED ] YoungCollectorTest.CollectionWithDirtyCard (0 ms)
[ RUN      ] YoungCollectorTest.ConservativeSweepSelfRefs
[2026-05-21T21:18:22][INFO][CRAG] young_collection nursery=[0x158b45f0038, 0x158b55f0038) usage=0
[2026-05-21T21:18:22][DEBUG][CRAG] young_collection_skip_phase2 no_typed_objects
[2026-05-21T21:18:22][INFO][CRAG] young trace promoted=0 prom_bytes=0 reclaimed=0 cards=0 total_us=11 p1_us=1 p2_us=0 p2b_us=0 p3_us=0 p3b_us=0 p4_us=9
[2026-05-21T21:18:22][INFO][CRAG] young_collection nursery=[0x158b45f0038, 0x158b55f0038) usage=65536
[2026-05-21T21:18:22][DEBUG][CRAG] scavenge_object_known_nursery
[2026-05-21T21:18:22][INFO][CRAG] young trace promoted=1 prom_bytes=2048 reclaimed=65536 cards=0 total_us=33 p1_us=0 p2_us=26 p2b_us=0 p3_us=0 p3b_us=0 p4_us=5
[       OK ] YoungCollectorTest.ConservativeSweepSelfRefs (0 ms)
[----------] 6 tests from YoungCollectorTest (2 ms total)

[----------] Global test environment tear-down
[==========] 6 tests from 1 test suite ran. (2 ms total)
[  PASSED  ] 5 tests.
[  SKIPPED ] 1 test, listed below:
[  SKIPPED ] YoungCollectorTest.CollectionWithDirtyCard
GC|young|collections=4|promoted_objects=1|promoted_bytes=2048|reclaimed=131072|cards=0|total_pause_ns=77700|avg_pause_ns=19425
GC|alloc|total=8|bytes=4144|oversized=0
GC|region|active=12|total_allocated=201326592
<end of output>
Test time =   0.02 sec
----------------------------------------------------------
Test Passed.
"test_gc_young_collector" end time: May 21 21:18 China Standard Time
"test_gc_young_collector" time elapsed: 00:00:00
----------------------------------------------------------

39/73 Testing: test_gc_old_gen
39/73 Test: test_gc_old_gen
Command: "D:/agent/booming-il2cpp/build/testing/runtime-core/gc/RelWithDebInfo/test_gc_old_gen.exe"
Directory: D:/agent/booming-il2cpp/build/testing/runtime-core/gc
"test_gc_old_gen" start time: May 21 21:18 China Standard Time
Output:
----------------------------------------------------------
Running main() from D:\agent\booming-il2cpp\build\testing\_deps\googletest-src\googletest\src\gtest_main.cc
[==========] Running 6 tests from 1 test suite.
[----------] Global test environment set-up.
[----------] 6 tests from OldGenTest
[ RUN      ] OldGenTest.AllocateAndFree
[2026-05-21T21:18:22][INFO][NUMA] numa_init count=%d
[2026-05-21T21:18:22][INFO][OldGen] init initial_pages=2 numa_nodes=1
[2026-05-21T21:18:22][INFO][OldGen] init done base=0x2114607710208 pages=2
[       OK ] OldGenTest.AllocateAndFree (1 ms)
[ RUN      ] OldGenTest.ReallocateDataIntegrity
[2026-05-21T21:18:22][INFO][OldGen] init initial_pages=2 numa_nodes=1
[2026-05-21T21:18:22][INFO][OldGen] init done base=0x2114607710208 pages=4
[       OK ] OldGenTest.ReallocateDataIntegrity (0 ms)
[ RUN      ] OldGenTest.IsInOldGen
[2026-05-21T21:18:22][INFO][OldGen] init initial_pages=2 numa_nodes=1
[2026-05-21T21:18:22][INFO][OldGen] init done base=0x2114607710208 pages=6
[       OK ] OldGenTest.IsInOldGen (0 ms)
[ RUN      ] OldGenTest.MarkObjectIsMarked
[2026-05-21T21:18:22][INFO][OldGen] init initial_pages=2 numa_nodes=1
[2026-05-21T21:18:22][INFO][OldGen] init done base=0x2114607710208 pages=8
[       OK ] OldGenTest.MarkObjectIsMarked (0 ms)
[ RUN      ] OldGenTest.AddToMarkStack
[2026-05-21T21:18:22][INFO][OldGen] init initial_pages=2 numa_nodes=1
[2026-05-21T21:18:22][INFO][OldGen] init done base=0x2114607710208 pages=10
[       OK ] OldGenTest.AddToMarkStack (0 ms)
[ RUN      ] OldGenTest.BgcTryMark
[2026-05-21T21:18:22][INFO][OldGen] init initial_pages=2 numa_nodes=1
[2026-05-21T21:18:22][INFO][OldGen] init done base=0x2114607710208 pages=12
[       OK ] OldGenTest.BgcTryMark (0 ms)
[----------] 6 tests from OldGenTest (2 ms total)

[----------] Global test environment tear-down
[==========] 6 tests from 1 test suite ran. (2 ms total)
[  PASSED  ] 6 tests.
GC|alloc|total=7|bytes=384|oversized=0
GC|region|active=12|total_allocated=201326592
<end of output>
Test time =   0.02 sec
----------------------------------------------------------
Test Passed.
"test_gc_old_gen" end time: May 21 21:18 China Standard Time
"test_gc_old_gen" time elapsed: 00:00:00
----------------------------------------------------------

40/73 Testing: test_gc_gen1
40/73 Test: test_gc_gen1
Command: "D:/agent/booming-il2cpp/build/testing/runtime-core/gc/RelWithDebInfo/test_gc_gen1.exe"
Directory: D:/agent/booming-il2cpp/build/testing/runtime-core/gc
[...]
[2026-05-21T21:18:25][DEBUG][BGC] thread_started
[2026-05-21T21:18:25][DEBUG][Finalizer] thread_started id={0}
[2026-05-21T21:18:25][DEBUG][BGC] start_cycle
[2026-05-21T21:18:25][DEBUG][BGC] root_scan heap=675 oldgen=0 valid=0 marked=0
[2026-05-21T21:18:25][DEBUG][BGC] root_set_populated
[2026-05-21T21:18:25][DEBUG][BGC] concurrent_mark_started
[2026-05-21T21:18:25][DEBUG][CRAG] chaos_gc_collect requested
[2026-05-21T21:18:25][INFO][OldGen] collect_start page_count=40
[2026-05-21T21:18:25][DEBUG][BGC] concurrent_mark_begin
[2026-05-21T21:18:25][DEBUG][BGC] stop_concurrent_mark
[2026-05-21T21:18:25][DEBUG][BGC] parallel_workers spawned=8
[2026-05-21T21:18:25][INFO][OldGen] collect_done reclaimed=3211264 pause_ns=1492900
[2026-05-21T21:18:25][DEBUG][CRAG] chaos_gc_collect completed
[2026-05-21T21:18:25][DEBUG][BGC] concurrent_mark_complete
[2026-05-21T21:18:25][DEBUG][BGC] cycle_finished
D:\agent\booming-il2cpp\testing\src\native\runtime-core\gc\gc_bgc_stress_test.cpp(110): error: Value of: WaitForPhase(BgcPhase::REMARK_NEEDED)
  Actual: false
Expected: true

[2026-05-21T21:20:25][DEBUG][BGC] start_cycle
[2026-05-21T21:20:25][DEBUG][BGC] root_scan heap=805 oldgen=4 valid=0 marked=0
[2026-05-21T21:20:25][DEBUG][BGC] root_set_populated
[2026-05-21T21:20:25][DEBUG][BGC] concurrent_mark_started
[2026-05-21T21:20:25][DEBUG][BGC] concurrent_mark_begin
[2026-05-21T21:20:25][DEBUG][BGC] parallel_workers spawned=8
[2026-05-21T21:20:25][DEBUG][BGC] concurrent_mark_complete
[2026-05-21T21:20:25][DEBUG][BGC] stw_remark_start
[2026-05-21T21:20:25][DEBUG][BGC] stw_remark_done marked=0 cards=0
[2026-05-21T21:20:25][DEBUG][BGC] concurrent_sweep_started
[2026-05-21T21:20:25][DEBUG][BGC] concurrent_sweep_begin
[2026-05-21T21:20:25][DEBUG][BGC] concurrent_sweep_complete
[2026-05-21T21:20:25][DEBUG][BGC] compact_needed_waiting
[2026-05-21T21:20:25][DEBUG][BGC] stw_compact_start
[2026-05-21T21:20:25][DEBUG][BGC] stw_compact_done
[2026-05-21T21:20:25][DEBUG][BGC] cycle_finished
[  FAILED  ] BgcStressTest.ConcurrentStress (120058 ms)
[ RUN      ] BgcStressTest.WorkStealingStress
[2026-05-21T21:20:25][DEBUG][BGC] start_cycle
[2026-05-21T21:20:25][DEBUG][BGC] root_scan heap=880 oldgen=5 valid=5 marked=3
[2026-05-21T21:20:25][DEBUG][BGC] root_set_populated
[2026-05-21T21:20:25][DEBUG][BGC] concurrent_mark_started
[2026-05-21T21:20:25][DEBUG][BGC] concurrent_mark_begin
[2026-05-21T21:20:25][DEBUG][BGC] parallel_workers spawned=8
[2026-05-21T21:20:25][DEBUG][BGC] concurrent_mark_complete
[2026-05-21T21:20:25][DEBUG][BGC] stw_remark_start
[2026-05-21T21:20:25][DEBUG][BGC] stw_remark_done marked=0 cards=0
[2026-05-21T21:20:25][DEBUG][BGC] concurrent_sweep_started
[2026-05-21T21:20:25][DEBUG][BGC] concurrent_sweep_begin
[2026-05-21T21:20:25][DEBUG][BGC] concurrent_sweep_complete
[2026-05-21T21:20:25][DEBUG][BGC] compact_needed_waiting
[2026-05-21T21:20:25][DEBUG][BGC] stw_compact_start
[2026-05-21T21:20:25][INFO][BGC] cross_page_compact_mode_enabled
[2026-05-21T21:20:25][INFO][OldGen] cross_page_compact pages=2 objects=255
[2026-05-21T21:20:25][INFO][OldGen] cross_page_compact_done bytes=16320
[2026-05-21T21:20:25][DEBUG][BGC] stw_compact_done
[2026-05-21T21:20:25][DEBUG][BGC] cycle_finished
[       OK ] BgcStressTest.WorkStealingStress (10 ms)
[ RUN      ] BgcStressTest.ManyThreads
[2026-05-21T21:20:25][DEBUG][BGC] start_cycle
[2026-05-21T21:20:25][DEBUG][BGC] root_scan heap=907 oldgen=0 valid=0 marked=0
[2026-05-21T21:20:25][DEBUG][BGC] root_set_populated
[2026-05-21T21:20:25][DEBUG][BGC] concurrent_mark_started
[2026-05-21T21:20:25][DEBUG][BGC] concurrent_mark_begin
[2026-05-21T21:20:25][DEBUG][BGC] parallel_workers spawned=8
[2026-05-21T21:20:25][DEBUG][BGC] concurrent_mark_complete
[2026-05-21T21:20:25][DEBUG][BGC] stw_remark_start
[2026-05-21T21:20:25][DEBUG][BGC] stw_remark_done marked=0 cards=0
[2026-05-21T21:20:25][DEBUG][BGC] concurrent_sweep_started
[2026-05-21T21:20:25][DEBUG][BGC] concurrent_sweep_begin
[2026-05-21T21:20:25][DEBUG][BGC] concurrent_sweep_complete
[2026-05-21T21:20:25][DEBUG][BGC] compact_needed_waiting
[2026-05-21T21:20:25][DEBUG][BGC] stw_compact_start
[2026-05-21T21:20:25][DEBUG][BGC] stw_compact_done
[2026-05-21T21:20:25][DEBUG][BGC] cycle_finished
[       OK ] BgcStressTest.ManyThreads (30 ms)
[ RUN      ] BgcStressTest.FinalizationStress
[2026-05-21T21:20:25][DEBUG][BGC] start_cycle
[2026-05-21T21:20:25][DEBUG][BGC] root_scan heap=925 oldgen=5 valid=0 marked=0
[2026-05-21T21:20:25][DEBUG][BGC] root_set_populated
[2026-05-21T21:20:25][DEBUG][BGC] concurrent_mark_started
[2026-05-21T21:20:25][DEBUG][BGC] concurrent_mark_begin
[2026-05-21T21:20:25][DEBUG][BGC] parallel_workers spawned=8
[2026-05-21T21:20:25][DEBUG][BGC] concurrent_mark_complete
[2026-05-21T21:20:25][DEBUG][BGC] stw_remark_start
[2026-05-21T21:20:25][DEBUG][BGC] stw_remark_done marked=0 cards=0
[2026-05-21T21:20:25][DEBUG][BGC] concurrent_sweep_started
[2026-05-21T21:20:25][DEBUG][BGC] concurrent_sweep_begin
[2026-05-21T21:20:25][DEBUG][BGC] dead_finalizables count=200
[2026-05-21T21:20:25][DEBUG][BGC] concurrent_sweep_complete
[2026-05-21T21:20:25][DEBUG][BGC] compact_needed_waiting
[2026-05-21T21:20:25][DEBUG][BGC] stw_compact_start
[2026-05-21T21:20:25][DEBUG][BGC] stw_compact_done
[2026-05-21T21:20:25][DEBUG][BGC] publish_finalization finalizers=200 weak=0
[2026-05-21T21:20:25][DEBUG][BGC] cycle_finished
[2026-05-21T21:20:25][DEBUG][CRAG] chaos_gc_wait_for_pending_finalizers
[2026-05-21T21:20:25][DEBUG][Finalizer] running 200 finalizers
[       OK ] BgcStressTest.FinalizationStress (0 ms)
[ RUN      ] BgcStressTest.GraphMutation
[2026-05-21T21:20:25][DEBUG][BGC] start_cycle
[2026-05-21T21:20:25][DEBUG][BGC] root_scan heap=998 oldgen=6 valid=6 marked=1
[2026-05-21T21:20:25][DEBUG][BGC] root_set_populated
[2026-05-21T21:20:25][DEBUG][BGC] concurrent_mark_started
[2026-05-21T21:20:25][DEBUG][BGC] concurrent_mark_begin
[2026-05-21T21:20:25][DEBUG][BGC] parallel_workers spawned=8
[2026-05-21T21:20:25][DEBUG][BGC] concurrent_mark_complete
[2026-05-21T21:20:25][DEBUG][BGC] stw_remark_start
[2026-05-21T21:20:25][DEBUG][BGC] stw_remark_done marked=0 cards=9
[2026-05-21T21:20:25][DEBUG][BGC] concurrent_sweep_started
[2026-05-21T21:20:25][DEBUG][BGC] concurrent_sweep_begin
[2026-05-21T21:20:25][DEBUG][BGC] concurrent_sweep_complete
[2026-05-21T21:20:25][DEBUG][BGC] compact_needed_waiting
[2026-05-21T21:20:25][DEBUG][BGC] stw_compact_start
[2026-05-21T21:20:25][DEBUG][BGC] stw_compact_done
[2026-05-21T21:20:25][DEBUG][BGC] cycle_finished
[       OK ] BgcStressTest.GraphMutation (106 ms)
[ RUN      ] BgcStressTest.Gen1ConcurrentMark
[2026-05-21T21:20:25][DEBUG][BGC] gen1_bitmap allocated base=0x26f59260038 span=16777216 bytes=262145
[2026-05-21T21:20:25][DEBUG][BGC] start_cycle
[2026-05-21T21:20:25][DEBUG][BGC] root_scan heap=908 oldgen=0 valid=0 marked=0
[2026-05-21T21:20:25][DEBUG][BGC] root_set_populated
[2026-05-21T21:20:25][DEBUG][BGC] concurrent_mark_started
[2026-05-21T21:20:25][DEBUG][BGC] concurrent_mark_begin
[2026-05-21T21:20:25][INFO][CRAG] young_collection nursery=[0x26f58250038, 0x26f59250038) usage=3276800
[2026-05-21T21:20:25][DEBUG][CRAG] young_collection_skip_phase2 no_typed_objects
[2026-05-21T21:20:25][DEBUG][CRAG] gen1_bgc_marking_active — skip young Gen1 collection
[2026-05-21T21:20:25][DEBUG][BGC] parallel_workers spawned=8
[2026-05-21T21:20:25][INFO][CRAG] young trace promoted=0 prom_bytes=0 reclaimed=3276800 cards=9 total_us=111 p1_us=13 p2_us=0 p2b_us=0 p3_us=35 p3b_us=1 p4_us=61
[2026-05-21T21:20:25][INFO][CRAG] young_collection nursery=[0x26f58250038, 0x26f59250038) usage=3276800
[2026-05-21T21:20:25][DEBUG][CRAG] young_collection_skip_phase2 no_typed_objects
[2026-05-21T21:20:25][DEBUG][CRAG] gen1_bgc_marking_active — skip young Gen1 collection
[2026-05-21T21:20:25][INFO][CRAG] young trace promoted=0 prom_bytes=0 reclaimed=3276800 cards=0 total_us=13 p1_us=1 p2_us=0 p2b_us=0 p3_us=0 p3b_us=0 p4_us=11
[2026-05-21T21:20:25][INFO][CRAG] young_collection nursery=[0x26f58250038, 0x26f59250038) usage=3276800
[2026-05-21T21:20:25][DEBUG][CRAG] young_collection_skip_phase2 no_typed_objects
[2026-05-21T21:20:25][DEBUG][CRAG] gen1_bgc_marking_active — skip young Gen1 collection
[2026-05-21T21:20:25][INFO][CRAG] young trace promoted=0 prom_bytes=0 reclaimed=3276800 cards=0 total_us=7 p1_us=0 p2_us=0 p2b_us=0 p3_us=0 p3b_us=0 p4_us=6
[2026-05-21T21:20:25][INFO][CRAG] young_collection nursery=[0x26f58250038, 0x26f59250038) usage=3276800
[2026-05-21T21:20:25][DEBUG][CRAG] young_collection_skip_phase2 no_typed_objects
[2026-05-21T21:20:25][DEBUG][CRAG] gen1_bgc_marking_active — skip young Gen1 collection
[2026-05-21T21:20:25][INFO][CRAG] young trace promoted=0 prom_bytes=0 reclaimed=3276800 cards=0 total_us=6 p1_us=0 p2_us=0 p2b_us=0 p3_us=0 p3b_us=0 p4_us=4
[2026-05-21T21:20:25][INFO][CRAG] young_collection nursery=[0x26f58250038, 0x26f59250038) usage=3276800
[2026-05-21T21:20:25][DEBUG][CRAG] young_collection_skip_phase2 no_typed_objects
[2026-05-21T21:20:25][DEBUG][CRAG] gen1_bgc_marking_active — skip young Gen1 collection
[2026-05-21T21:20:25][INFO][CRAG] young trace promoted=0 prom_bytes=0 reclaimed=3276800 cards=0 total_us=7 p1_us=1 p2_us=0 p2b_us=0 p3_us=0 p3b_us=0 p4_us=4
[2026-05-21T21:20:25][DEBUG][BGC] concurrent_mark_complete
[2026-05-21T21:20:25][DEBUG][BGC] stw_remark_start
[2026-05-21T21:20:25][DEBUG][BGC] stw_remark_done marked=50 cards=0
[2026-05-21T21:20:25][DEBUG][BGC] concurrent_sweep_started
[2026-05-21T21:20:25][DEBUG][BGC] concurrent_sweep_begin
[2026-05-21T21:20:25][DEBUG][BGC] concurrent_sweep_complete
[2026-05-21T21:20:25][DEBUG][BGC] compact_needed_waiting
[2026-05-21T21:20:25][DEBUG][BGC] stw_compact_start
[2026-05-21T21:20:25][DEBUG][BGC] gen1_sweep: objects=131072 live=1 dead=131071 live_bytes=128 total_bytes=16777216 survival=0.000
[2026-05-21T21:20:25][DEBUG][BGC] gen1_promote_done: promoted=1 objs, 128 bytes
[2026-05-21T21:20:25][DEBUG][BGC] stw_compact_done
[2026-05-21T21:20:25][DEBUG][BGC] cycle_finished
[       OK ] BgcStressTest.Gen1ConcurrentMark (13 ms)
[----------] 6 tests from BgcStressTest (120219 ms total)

[----------] Global test environment tear-down
[==========] 6 tests from 1 test suite ran. (120219 ms total)
[  PASSED  ] 5 tests.
[  FAILED  ] 1 test, listed below:
[  FAILED  ] BgcStressTest.ConcurrentStress

 1 FAILED TEST
[2026-05-21T21:20:25][DEBUG][BGC] cycle_finished
[2026-05-21T21:20:25][DEBUG][BGC] thread_stopped
[2026-05-21T21:20:25][DEBUG][Finalizer] thread_stopped
GC|young|collections=5|promoted_objects=0|promoted_bytes=0|reclaimed=16384000|cards=9|total_pause_ns=147000|avg_pause_ns=29400
GC|full|collections=1|pages=0|marked=0|reclaimed=3211264|finalizers=0|total_pause_ns=1492900|avg_pause_ns=1492900
GC|alloc|total=5727|bytes=441776|oversized=0
GC|region|active=12|total_allocated=201326592
<end of output>
Test time = 120.71 sec
----------------------------------------------------------
Test Failed.
"test_gc_bgc_stress" end time: May 21 21:20 China Standard Time
"test_gc_bgc_stress" time elapsed: 00:02:00
----------------------------------------------------------

60/73 Testing: test_gc_general_stress
60/73 Test: test_gc_general_stress
Command: "D:/agent/booming-il2cpp/build/testing/runtime-core/gc/RelWithDebInfo/test_gc_general_stress.exe"
Directory: D:/agent/booming-il2cpp/build/testing/runtime-core/gc
"test_gc_general_stress" start time: May 21 21:18 China Standard Time
Output:
----------------------------------------------------------
Running main() from D:\agent\booming-il2cpp\build\testing\_deps\googletest-src\googletest\src\gtest_main.cc
[==========] Running 4 tests from 1 test suite.
[----------] Global test environment set-up.
[----------] 4 tests from GcGeneralStressTest
[ RUN      ] GcGeneralStressTest.BaselineConcurrent
[2026-05-21T21:18:25][INFO][NUMA] numa_init count=%d
[2026-05-21T21:18:25][INFO][OldGen] init initial_pages=8 numa_nodes=1
[2026-05-21T21:18:25][INFO][OldGen] init done base=0x2169520914432 pages=8
[2026-05-21T21:18:25][INFO][OldGen] init initial_pages=2 numa_nodes=1
[2026-05-21T21:18:25][INFO][OldGen] init done base=0x2169520914432 pages=10
[2026-05-21T21:18:25][DEBUG][BGC] thread_started
[2026-05-21T21:18:25][DEBUG][Finalizer] thread_started id={0}
[BaselineConcurrent] 100 threads x 256 allocs
[2026-05-21T21:19:00][WARN][Safepoint] safepoint timeout: {0} threads unresponsive after {1}ms, attempting preemptive suspend
[2026-05-21T21:19:00][DEBUG][Safepoint] APC queued for thread {0}
[2026-05-21T21:19:00][ERROR][Safepoint] safepoint hard timeout: {0} threads still unresponsive after {1}ms, forcing release
[2026-05-21T21:19:00][INFO][CRAG] young_collection nursery=[0x1f9234c0038, 0x1f9244c0038) usage=16777216
[2026-05-21T21:19:00][INFO][CRAG] young trace promoted=0 prom_bytes=0 reclaimed=16777216 cards=0 total_us=4177 p1_us=259 p2_us=3751 p2b_us=0 p3_us=11 p3b_us=30 p4_us=124
[2026-05-21T21:19:00][DEBUG][CRAG] bgc_scope={0} gen1_occ={1:.2f} gen1_surv={2:.2f} gen2_frag={3:.2f}
[2026-05-21T21:19:00][DEBUG][BGC] start_cycle
[2026-05-21T21:19:34][WARN][Safepoint] safepoint timeout: {0} threads unresponsive after {1}ms, attempting preemptive suspend
[2026-05-21T21:19:34][DEBUG][Safepoint] APC queued for thread {0}
[2026-05-21T21:19:34][ERROR][Safepoint] safepoint hard timeout: {0} threads still unresponsive after {1}ms, forcing release
[2026-05-21T21:19:34][DEBUG][BGC] root_scan heap=807 oldgen=0 valid=0 marked=0
[2026-05-21T21:19:34][DEBUG][BGC] root_set_populated
[2026-05-21T21:19:34][DEBUG][BGC] concurrent_mark_started
[2026-05-21T21:19:34][DEBUG][BGC] concurrent_mark_begin
[2026-05-21T21:19:34][DEBUG][BGC] parallel_workers spawned=8
[2026-05-21T21:19:34][INFO][OldGen] collect_start page_count=596
[2026-05-21T21:19:34][DEBUG][BGC] stop_concurrent_mark
[2026-05-21T21:19:34][INFO][OldGen] collect_done reclaimed=39059456 pause_ns=6491100
D:\agent\booming-il2cpp\testing\src\native\runtime-core\gc\gc_general_stress_test.cpp(275): error: Expected equality of these values:
  pattern_fails.load()
    Which is: 1
  0
BaselineConcurrent: pattern verification failures detected

[  FAILED  ] GcGeneralStressTest.BaselineConcurrent (68694 ms)
[ RUN      ] GcGeneralStressTest.MixedSizeAllocation
[MixedSizeAllocation] 100 threads x 256 allocs
[2026-05-21T21:19:34][DEBUG][BGC] concurrent_mark_complete
[2026-05-21T21:19:34][DEBUG][BGC] cycle_finished
[2026-05-21T21:19:34][INFO][OldGen] collect_start page_count=45
[2026-05-21T21:19:34][INFO][OldGen] collect_done reclaimed=2949120 pause_ns=51777400
D:\agent\booming-il2cpp\testing\src\native\runtime-core\gc\gc_general_stress_test.cpp(346): error: Expected equality of these values:
  pattern_fails.load()
    Which is: 1
  0
MixedSizeAllocation: pattern verification failures detected

[  FAILED  ] GcGeneralStressTest.MixedSizeAllocation (60 ms)
[ RUN      ] GcGeneralStressTest.AggressiveYoungGc
[AggressiveYoungGc] 100 threads x 256 allocs, frequent safepoints
[2026-05-21T21:19:34][INFO][OldGen] collect_start page_count=22
[2026-05-21T21:19:34][INFO][OldGen] collect_done reclaimed=1441792 pause_ns=46613700
D:\agent\booming-il2cpp\testing\src\native\runtime-core\gc\gc_general_stress_test.cpp(415): error: Expected equality of these values:
  pattern_fails.load()
    Which is: 1
  0
AggressiveYoungGc: pattern verification failures detected

[  FAILED  ] GcGeneralStressTest.AggressiveYoungGc (55 ms)
[ RUN      ] GcGeneralStressTest.ExtendedGcPressure
[ExtendedGcPressure] 50 threads x 512 allocs, verify every alloc
[2026-05-21T21:20:09][WARN][Safepoint] safepoint timeout: {0} threads unresponsive after {1}ms, attempting preemptive suspend
[2026-05-21T21:20:09][DEBUG][Safepoint] APC queued for thread {0}
[2026-05-21T21:20:09][ERROR][Safepoint] safepoint hard timeout: {0} threads still unresponsive after {1}ms, forcing release
[2026-05-21T21:20:09][INFO][CRAG] young_collection nursery=[0x1f92a1f0038, 0x1f92b1f0038) usage=16777216
[2026-05-21T21:20:09][INFO][CRAG] young trace promoted=0 prom_bytes=0 reclaimed=16777216 cards=0 total_us=4002 p1_us=352 p2_us=3278 p2b_us=0 p3_us=12 p3b_us=2 p4_us=357
[2026-05-21T21:20:09][DEBUG][CRAG] bgc_scope={0} gen1_occ={1:.2f} gen1_surv={2:.2f} gen2_frag={3:.2f}
[2026-05-21T21:20:09][DEBUG][BGC] start_cycle
[2026-05-21T21:20:43][WARN][Safepoint] safepoint timeout: {0} threads unresponsive after {1}ms, attempting preemptive suspend
[2026-05-21T21:20:43][DEBUG][Safepoint] APC queued for thread {0}
[2026-05-21T21:20:43][ERROR][Safepoint] safepoint hard timeout: {0} threads still unresponsive after {1}ms, forcing release
[2026-05-21T21:20:43][DEBUG][BGC] root_scan heap=1135 oldgen=5 valid=1 marked=0
[2026-05-21T21:20:43][DEBUG][BGC] root_set_populated
[2026-05-21T21:20:43][DEBUG][BGC] concurrent_mark_started
[2026-05-21T21:20:43][DEBUG][BGC] concurrent_mark_begin
[2026-05-21T21:20:43][INFO][OldGen] collect_start page_count=712
[2026-05-21T21:20:43][DEBUG][BGC] stop_concurrent_mark
[2026-05-21T21:20:43][DEBUG][BGC] parallel_workers spawned=8
[2026-05-21T21:20:43][INFO][OldGen] collect_done reclaimed=46661632 pause_ns=6963200
  Deferred promotion: 0/800 pointers in old-gen, 0 verify fails
[       OK ] GcGeneralStressTest.ExtendedGcPressure (68823 ms)
[----------] 4 tests from GcGeneralStressTest (137633 ms total)

[----------] Global test environment tear-down
[==========] 4 tests from 1 test suite ran. (137633 ms total)
[  PASSED  ] 1 test.
[  FAILED  ] 3 tests, listed below:
[  FAILED  ] GcGeneralStressTest.BaselineConcurrent
[  FAILED  ] GcGeneralStressTest.MixedSizeAllocation
[  FAILED  ] GcGeneralStressTest.AggressiveYoungGc

 3 FAILED TESTS
[2026-05-21T21:20:43][DEBUG][BGC] concurrent_mark_complete
[2026-05-21T21:20:43][DEBUG][BGC] cycle_finished
[2026-05-21T21:20:43][DEBUG][BGC] thread_stopped
[2026-05-21T21:20:43][DEBUG][Finalizer] thread_stopped
GC|young|collections=2|promoted_objects=0|promoted_bytes=0|reclaimed=33554432|cards=0|total_pause_ns=8180400|avg_pause_ns=4090200
GC|full|collections=4|pages=0|marked=0|reclaimed=90112000|finalizers=0|total_pause_ns=111845400|avg_pause_ns=27961350
GC|alloc|total=32332|bytes=68304480|oversized=0
GC|region|active=8|total_allocated=134217728
<end of output>
Test time = 138.19 sec
----------------------------------------------------------
Test Failed.
"test_gc_general_stress" end time: May 21 21:20 China Standard Time
"test_gc_general_stress" time elapsed: 00:02:18
----------------------------------------------------------

61/73 Testing: test_gc_delegate_stress
61/73 Test: test_gc_delegate_stress
Command: "D:/agent/booming-il2cpp/build/testing/runtime-core/gc/RelWithDebInfo/test_gc_delegate_stress.exe"
Directory: D:/agent/booming-il2cpp/build/testing/runtime-core/gc
"test_gc_delegate_stress" start time: May 21 21:18 China Standard Time
Output:
----------------------------------------------------------
Running main() from D:\agent\booming-il2cpp\build\testing\_deps\googletest-src\googletest\src\gtest_main.cc
[==========] Running 8 tests from 1 test suite.
[----------] Global test environment set-up.
[----------] 8 tests from DelegateStressTest
[ RUN      ] DelegateStressTest.A1_CreateDelegatePressure
[2026-05-21T21:18:27][INFO][NUMA] numa_init count=%d
[2026-05-21T21:18:27][INFO][OldGen] init initial_pages=8 numa_nodes=1
[2026-05-21T21:18:27][INFO][OldGen] init done base=0x2146882224128 pages=8
[2026-05-21T21:18:27][INFO][OldGen] init initial_pages=2 numa_nodes=1
[2026-05-21T21:18:27][INFO][OldGen] init done base=0x2146882224128 pages=10
[       OK ] DelegateStressTest.A1_CreateDelegatePressure (16 ms)
[ RUN      ] DelegateStressTest.A2_MarshalAllocStress
<end of output>
Test time = 300.02 sec
----------------------------------------------------------
Test Failed.
"test_gc_delegate_stress" end time: May 21 21:23 China Standard Time
"test_gc_delegate_stress" time elapsed: 00:05:00
----------------------------------------------------------

End testing: May 21 21:23 China Standard Time

gc = 562.09 sec*proc

stress = 562.12 sec*proc

